<?xml version="1.0" encoding="UTF-8"?>
<!-- Generated by org.testng.reporters.JUnitXMLReporter -->
<testsuite ignored="48" hostname="COG00120" failures="0" tests="37" name="Test" time="763.304" errors="0" timestamp="2024-11-05T14:47:07 EST">
  <testcase classname="buildersRiskFLAgentTests.AgentStartANewQuoteTest" name="buildersRiskStartANewQuoteTest" time="17.782"/>
  <testcase classname="buildersRiskFLAgentTests.AgentPrequalificationTest" name="buildersRiskPrequalificationTest" time="0.094"/>
  <testcase classname="buildersRiskFLAgentTests.AgentPrequalificationTest" name="buildersRiskPrequalificationTest2" time="11.849"/>
  <testcase classname="buildersRiskFLAgentTests.AgentPrequalificationTest" name="buildersRiskPrequalificationTest3" time="34.164"/>
  <testcase classname="buildersRiskFLAgentTests.AgentCoverageTest" name="buildersRiskCoverage" time="0.261"/>
  <testcase classname="buildersRiskFLAgentTests.AgentCoverageTest" name="buildersRiskCoverage2" time="1.398"/>
  <testcase classname="buildersRiskFLAgentTests.AgentCoverageTest" name="buildersRiskCoverage3" time="6.014"/>
  <testcase classname="buildersRiskFLAgentTests.AgentCoverageTest" name="buildersRiskCoverage5" time="10.263"/>
  <testcase classname="buildersRiskFLAgentTests.AgentCoverageTest" name="buildersRiskCoverage6" time="20.886"/>
  <testcase classname="buildersRiskFLAgentTests.AgentCoverageTest" name="buildersRiskCoverage7" time="26.481"/>
  <testcase classname="buildersRiskFLAgentTests.AgentRatingTest" name="buildersRiskRating2" time="0.241"/>
  <testcase classname="buildersRiskFLAgentTests.AgentRatingTest" name="buildersRiskRating3" time="20.172"/>
  <testcase classname="buildersRiskFLAgentTests.AgentRatingTest" name="buildersRiskRating5" time="0.061"/>
  <testcase classname="buildersRiskFLAgentTests.AgentRatingTest" name="buildersRiskRating6" time="13.881"/>
  <testcase classname="buildersRiskFLAgentTests.AgentGeneralTest" name="buildersRiskGeneral1" time="0.307"/>
  <testcase classname="buildersRiskFLAgentTests.AgentGeneralTest" name="buildersRiskGeneral2" time="182.843"/>
  <testcase classname="buildersRiskFLAgentTests.AgentGeneralTest" name="buildersRiskGeneral3" time="30.664"/>
  <testcase classname="buildersRiskFLAgentTests.AgentAdditionalInterestsTest" name="buildersRiskInterests1" time="0.237"/>
  <testcase classname="buildersRiskFLAgentTests.AgentAdditionalInterestsTest" name="buildersRiskInterests2" time="46.002"/>
  <testcase classname="buildersRiskFLAgentTests.AgentAdditionalInterestsTest" name="buildersRiskInterests3" time="30.174"/>
  <testcase classname="buildersRiskFLAgentTests.AgentHistoryTest" name="buildersRiskHistory1" time="0.226"/>
  <testcase classname="buildersRiskFLAgentTests.AgentHistoryTest" name="buildersRiskHistory2" time="84.287"/>
  <testcase classname="buildersRiskFLAgentTests.AgentStatementsTest" name="buildersRiskHistory1" time="0.249"/>
  <testcase classname="buildersRiskFLAgentTests.AgentStatementsTest" name="buildersRiskStatements2" time="10.52"/>
  <testcase classname="buildersRiskFLAgentTests.AgentStatementsTest" name="buildersRiskStatements3" time="58.609"/>
  <testcase classname="buildersRiskFLAgentTests.AgentDisplayQuoteTest" name="buildersRiskDisplayQuote1" time="0.254"/>
  <testcase classname="buildersRiskFLAgentTests.AgentDisplayQuoteTest" name="buildersRiskDisplayQuote2" time="20.216"/>
  <testcase classname="buildersRiskFLAgentTests.AgentDisplayQuoteTest" name="buildersRiskDisplayQuote5" time="0.049"/>
  <testcase classname="buildersRiskFLAgentTests.AgentDisplayQuoteTest" name="buildersRiskDisplayQuote6" time="23.137"/>
  <testcase classname="buildersRiskFLAgentTests.AgentBindSubmitTest" name="buildersRiskBindSubmit1" time="0.287"/>
  <testcase classname="buildersRiskFLAgentTests.AgentBindSubmitTest" name="buildersRiskBindSubmit2" time="0.156"/>
  <testcase classname="buildersRiskFLAgentTests.AgentBindSubmitTest" name="buildersRiskBindSubmit3" time="20.198"/>
  <testcase classname="buildersRiskFLAgentTests.AgentBindSubmitTest" name="buildersRiskBindSubmit4" time="10.115"/>
  <testcase classname="buildersRiskFLAgentTests.AgentBindSubmitTest" name="buildersRiskBindSubmit5" time="0.092"/>
  <testcase classname="buildersRiskFLAgentTests.AgentBindSubmitTest" name="buildersRiskBindSubmit6" time="1.175"/>
  <testcase classname="buildersRiskFLAgentTests.AgentBindSubmitTest" name="buildersRiskBindSubmit7" time="0.053"/>
  <testcase classname="buildersRiskFLAgentTests.AgentBindSubmitTest" name="buildersRiskBindSubmit8" time="34.497"/>
  <testcase classname="buildersRiskFLAgentTests.AgentDisplayQuoteTest" name="buildersRiskNewQuote" time="0.0">
    <ignored/>
  </testcase> <!-- buildersRiskNewQuote -->
  <testcase classname="base.BuildersRiskBaseClass" name="@BeforeTest setUp" time="0.0">
    <ignored/>
  </testcase> <!-- @BeforeTest setUp -->
  <testcase classname="base.BuildersRiskBaseClass" name="@BeforeTest setUp" time="0.0">
    <ignored/>
  </testcase> <!-- @BeforeTest setUp -->
  <testcase classname="base.BuildersRiskBaseClass" name="@BeforeTest setUp" time="0.0">
    <ignored/>
  </testcase> <!-- @BeforeTest setUp -->
  <testcase classname="base.BuildersRiskBaseClass" name="@BeforeTest setUp" time="0.0">
    <ignored/>
  </testcase> <!-- @BeforeTest setUp -->
  <testcase classname="base.BuildersRiskBaseClass" name="@BeforeTest setUp" time="0.0">
    <ignored/>
  </testcase> <!-- @BeforeTest setUp -->
  <testcase classname="base.BuildersRiskBaseClass" name="@BeforeTest setUp" time="0.0">
    <ignored/>
  </testcase> <!-- @BeforeTest setUp -->
  <testcase classname="base.BuildersRiskBaseClass" name="@BeforeTest setUp" time="0.0">
    <ignored/>
  </testcase> <!-- @BeforeTest setUp -->
  <testcase classname="base.BuildersRiskBaseClass" name="@BeforeTest setUp" time="0.0">
    <ignored/>
  </testcase> <!-- @BeforeTest setUp -->
  <testcase classname="base.BuildersRiskBaseClass" name="@BeforeTest setUp" time="0.0">
    <ignored/>
  </testcase> <!-- @BeforeTest setUp -->
  <testcase classname="buildersRiskFLAgentTests.AgentRatingTest" name="buildersRiskNewQuote" time="0.0">
    <ignored/>
  </testcase> <!-- buildersRiskNewQuote -->
  <testcase classname="base.BuildersRiskBaseClass" name="@AfterSuite generateExtentReports" time="0.0">
    <ignored/>
  </testcase> <!-- @AfterSuite generateExtentReports -->
  <testcase classname="buildersRiskFLAgentTests.AgentCoverageTest" name="buildersRiskCoverage4" time="0.0">
    <ignored/>
  </testcase> <!-- buildersRiskCoverage4 -->
  <testcase classname="base.BuildersRiskBaseClass" name="@AfterSuite generateExtentReports" time="0.0">
    <ignored/>
  </testcase> <!-- @AfterSuite generateExtentReports -->
  <testcase classname="base.BuildersRiskBaseClass" name="@AfterSuite generateExtentReports" time="0.0">
    <ignored/>
  </testcase> <!-- @AfterSuite generateExtentReports -->
  <testcase classname="base.BuildersRiskBaseClass" name="@AfterSuite generateExtentReports" time="0.0">
    <ignored/>
  </testcase> <!-- @AfterSuite generateExtentReports -->
  <testcase classname="base.BuildersRiskBaseClass" name="@AfterSuite generateExtentReports" time="0.0">
    <ignored/>
  </testcase> <!-- @AfterSuite generateExtentReports -->
  <testcase classname="base.BuildersRiskBaseClass" name="@AfterSuite generateExtentReports" time="0.0">
    <ignored/>
  </testcase> <!-- @AfterSuite generateExtentReports -->
  <testcase classname="base.BuildersRiskBaseClass" name="@AfterSuite generateExtentReports" time="0.0">
    <ignored/>
  </testcase> <!-- @AfterSuite generateExtentReports -->
  <testcase classname="base.BuildersRiskBaseClass" name="@AfterSuite generateExtentReports" time="0.0">
    <ignored/>
  </testcase> <!-- @AfterSuite generateExtentReports -->
  <testcase classname="base.BuildersRiskBaseClass" name="@AfterSuite generateExtentReports" time="0.0">
    <ignored/>
  </testcase> <!-- @AfterSuite generateExtentReports -->
  <testcase classname="buildersRiskFLAgentTests.AgentBindSubmitTest" name="buildersRiskNewQuote" time="0.0">
    <ignored/>
  </testcase> <!-- buildersRiskNewQuote -->
  <testcase classname="buildersRiskFLAgentTests.AgentAdditionalInterestsTest" name="buildersRiskNewQuote" time="0.0">
    <ignored/>
  </testcase> <!-- buildersRiskNewQuote -->
  <testcase classname="buildersRiskFLAgentTests.AgentStatementsTest" name="buildersRiskNewQuote" time="0.0">
    <ignored/>
  </testcase> <!-- buildersRiskNewQuote -->
  <testcase classname="buildersRiskFLAgentTests.AgentDisplayQuoteTest" name="buildersRiskDisplayQuote4" time="0.0">
    <ignored/>
  </testcase> <!-- buildersRiskDisplayQuote4 -->
  <testcase classname="buildersRiskFLAgentTests.AgentRatingTest" name="buildersRiskRating4" time="0.0">
    <ignored/>
  </testcase> <!-- buildersRiskRating4 -->
  <testcase classname="buildersRiskFLAgentTests.AgentGeneralTest" name="buildersRiskNewQuote" time="0.0">
    <ignored/>
  </testcase> <!-- buildersRiskNewQuote -->
  <testcase classname="buildersRiskFLAgentTests.AgentPrequalificationTest" name="buildersRiskNewQuote" time="0.0">
    <ignored/>
  </testcase> <!-- buildersRiskNewQuote -->
  <testcase classname="buildersRiskFLAgentTests.AgentHistoryTest" name="buildersRiskNewQuote" time="0.0">
    <ignored/>
  </testcase> <!-- buildersRiskNewQuote -->
  <testcase classname="base.BuildersRiskBaseClass" name="@AfterTest tearDown" time="0.0">
    <ignored/>
  </testcase> <!-- @AfterTest tearDown -->
  <testcase classname="base.BuildersRiskBaseClass" name="@AfterTest tearDown" time="0.0">
    <ignored/>
  </testcase> <!-- @AfterTest tearDown -->
  <testcase classname="base.BuildersRiskBaseClass" name="@AfterTest tearDown" time="0.0">
    <ignored/>
  </testcase> <!-- @AfterTest tearDown -->
  <testcase classname="base.BuildersRiskBaseClass" name="@AfterTest tearDown" time="0.0">
    <ignored/>
  </testcase> <!-- @AfterTest tearDown -->
  <testcase classname="base.BuildersRiskBaseClass" name="@AfterTest tearDown" time="0.0">
    <ignored/>
  </testcase> <!-- @AfterTest tearDown -->
  <testcase classname="base.BuildersRiskBaseClass" name="@AfterTest tearDown" time="0.0">
    <ignored/>
  </testcase> <!-- @AfterTest tearDown -->
  <testcase classname="base.BuildersRiskBaseClass" name="@AfterTest tearDown" time="0.0">
    <ignored/>
  </testcase> <!-- @AfterTest tearDown -->
  <testcase classname="base.BuildersRiskBaseClass" name="@AfterTest tearDown" time="0.0">
    <ignored/>
  </testcase> <!-- @AfterTest tearDown -->
  <testcase classname="base.BuildersRiskBaseClass" name="@AfterTest tearDown" time="0.0">
    <ignored/>
  </testcase> <!-- @AfterTest tearDown -->
  <testcase classname="base.BuildersRiskBaseClass" name="@BeforeSuite initializeExtentReports" time="0.0">
    <ignored/>
  </testcase> <!-- @BeforeSuite initializeExtentReports -->
  <testcase classname="base.BuildersRiskBaseClass" name="@BeforeSuite initializeExtentReports" time="0.0">
    <ignored/>
  </testcase> <!-- @BeforeSuite initializeExtentReports -->
  <testcase classname="base.BuildersRiskBaseClass" name="@BeforeSuite initializeExtentReports" time="0.0">
    <ignored/>
  </testcase> <!-- @BeforeSuite initializeExtentReports -->
  <testcase classname="base.BuildersRiskBaseClass" name="@BeforeSuite initializeExtentReports" time="0.0">
    <ignored/>
  </testcase> <!-- @BeforeSuite initializeExtentReports -->
  <testcase classname="base.BuildersRiskBaseClass" name="@BeforeSuite initializeExtentReports" time="0.0">
    <ignored/>
  </testcase> <!-- @BeforeSuite initializeExtentReports -->
  <testcase classname="base.BuildersRiskBaseClass" name="@BeforeSuite initializeExtentReports" time="0.0">
    <ignored/>
  </testcase> <!-- @BeforeSuite initializeExtentReports -->
  <testcase classname="base.BuildersRiskBaseClass" name="@BeforeSuite initializeExtentReports" time="0.0">
    <ignored/>
  </testcase> <!-- @BeforeSuite initializeExtentReports -->
  <testcase classname="base.BuildersRiskBaseClass" name="@BeforeSuite initializeExtentReports" time="0.0">
    <ignored/>
  </testcase> <!-- @BeforeSuite initializeExtentReports -->
  <testcase classname="base.BuildersRiskBaseClass" name="@BeforeSuite initializeExtentReports" time="0.0">
    <ignored/>
  </testcase> <!-- @BeforeSuite initializeExtentReports -->
  <testcase classname="buildersRiskFLAgentTests.AgentCoverageTest" name="buildersRiskNewQuote" time="0.0">
    <ignored/>
  </testcase> <!-- buildersRiskNewQuote -->
</testsuite> <!-- Test -->
