<?xml version="1.0" encoding="UTF-8"?>
<!-- Generated by org.testng.reporters.JUnitXMLReporter -->
<testsuite ignored="0" hostname="COG00120" failures="2" tests="2" name="TestPilot" time="824.962" errors="0" timestamp="2024-10-25T16:37:35 EDT">
  <testcase classname="buildersRiskMisc.BuildersRiskDisregardTest" name="buildersRiskDisregard" time="410.004">
    <failure type="java.io.FileNotFoundException" message="C:\TEMP\BuildersRiskFiles\TEST\DisregardNotices\recissionCBROFL0004526-00.pdf (The system cannot find the path specified)">
      <![CDATA[java.io.FileNotFoundException: C:\TEMP\BuildersRiskFiles\TEST\DisregardNotices\recissionCBROFL0004526-00.pdf (The system cannot find the path specified)
at java.base/java.io.FileOutputStream.open0(Native Method)
at java.base/java.io.FileOutputStream.open(FileOutputStream.java:295)
at java.base/java.io.FileOutputStream.<init>(FileOutputStream.java:237)
at java.base/java.io.FileOutputStream.<init>(FileOutputStream.java:185)
at buildersRiskMisc.BuildersRiskDisregardTest.buildersRiskDisregard(BuildersRiskDisregardTest.java:611)
at java.base/java.util.ArrayList.forEach(ArrayList.java:1597)
... Removed 25 stack frames]]>
    </failure>
  </testcase> <!-- buildersRiskDisregard -->
  <testcase classname="buildersRiskMisc.BuildersRiskDisregardTest" name="buildersRiskDisregard" time="404.619">
    <failure type="java.io.FileNotFoundException" message="C:\TEMP\BuildersRiskFiles\TEST\DisregardNotices\recissionCBROTX0004527-00.pdf (The system cannot find the path specified)">
      <![CDATA[java.io.FileNotFoundException: C:\TEMP\BuildersRiskFiles\TEST\DisregardNotices\recissionCBROTX0004527-00.pdf (The system cannot find the path specified)
at java.base/java.io.FileOutputStream.open0(Native Method)
at java.base/java.io.FileOutputStream.open(FileOutputStream.java:295)
at java.base/java.io.FileOutputStream.<init>(FileOutputStream.java:237)
at java.base/java.io.FileOutputStream.<init>(FileOutputStream.java:185)
at buildersRiskMisc.BuildersRiskDisregardTest.buildersRiskDisregard(BuildersRiskDisregardTest.java:611)
at java.base/java.util.ArrayList.forEach(ArrayList.java:1597)
... Removed 25 stack frames]]>
    </failure>
  </testcase> <!-- buildersRiskDisregard -->
</testsuite> <!-- TestPilot -->
