<?xml version="1.0" encoding="UTF-8"?>
<testng-results ignored="48" total="85" passed="37" failed="0" skipped="0">
  <reporter-output>
  </reporter-output>
  <suite started-at="2024-11-06T12:23:16 EST" name="Suite" finished-at="2024-11-06T12:35:49 EST" duration-ms="753006">
    <groups>
    </groups>
    <test started-at="2024-11-06T12:23:16 EST" name="Test" finished-at="2024-11-06T12:35:49 EST" duration-ms="753006">
      <class name="buildersRiskFLAgentTests.AgentCoverageTest">
        <test-method signature="buildersRiskCoverage(java.lang.String,java.lang.String,java.lang.String,java.lang.String,java.lang.String,java.lang.String,java.lang.String,java.lang.String,java.lang.String,java.lang.String,java.lang.String,java.lang.String,java.lang.String,java.lang.String,java.lang.String,java.lang.String,java.lang.String,java.lang.String,java.lang.String,java.lang.String,java.lang.String,java.lang.String,java.lang.String,java.lang.String,java.lang.String,java.lang.String,java.lang.String,java.lang.String,java.lang.String,java.lang.String,java.lang.String,java.lang.String,java.lang.String,java.lang.String,java.lang.String,java.lang.String,java.lang.String,java.lang.String,java.lang.String,java.lang.String,java.lang.String,java.lang.String,java.lang.String,java.lang.String,java.lang.String,java.lang.String,java.lang.String,java.lang.String,java.lang.String,java.lang.String,java.lang.String,java.lang.String,java.lang.String,java.lang.String,java.lang.String,java.lang.String,java.lang.String,java.lang.String,java.lang.String,java.lang.String,java.lang.String,java.lang.String,java.lang.String,java.lang.String,java.lang.String,java.lang.String,java.lang.String,java.lang.String,java.lang.String,java.lang.String,java.lang.String,java.lang.String,java.lang.String,java.lang.String,java.lang.String,java.lang.String,java.lang.String,java.lang.String,java.lang.String,java.lang.String,java.lang.String,java.lang.String,java.lang.String,java.lang.String)[pri:1, instance:buildersRiskFLAgentTests.AgentCoverageTest@4e50c791]" started-at="2024-11-06T12:24:34 EST" name="buildersRiskCoverage" description="C9093	TC01 - Builders Risk - Coverage - Global Header" data-provider="NewConstructionData" finished-at="2024-11-06T12:24:34 EST" duration-ms="213" status="PASS">
          <params>
            <param index="0">
              <value>
                <![CDATA[Florida]]>
              </value>
            </param>
            <param index="1">
              <value>
                <![CDATA[One Shot]]>
              </value>
            </param>
            <param index="2">
              <value>
                <![CDATA[701 Old Hickory Rd]]>
              </value>
            </param>
            <param index="3">
              <value>
                <![CDATA[]]>
              </value>
            </param>
            <param index="4">
              <value>
                <![CDATA[Jacksonville]]>
              </value>
            </param>
            <param index="5">
              <value>
                <![CDATA[32207]]>
              </value>
            </param>
            <param index="6">
              <value>
                <![CDATA[10107]]>
              </value>
            </param>
            <param index="7">
              <value>
                <![CDATA[New Construction]]>
              </value>
            </param>
            <param index="8">
              <value>
                <![CDATA[12 Months]]>
              </value>
            </param>
            <param index="9">
              <value>
                <![CDATA[232-098-9022]]>
              </value>
            </param>
            <param index="10">
              <value>
                <![CDATA[buildersrisktest@cypressig.com]]>
              </value>
            </param>
            <param index="11">
              <value>
                <![CDATA[Builder]]>
              </value>
            </param>
            <param index="12">
              <value>
                <![CDATA[Business]]>
              </value>
            </param>
            <param index="13">
              <value>
                <![CDATA[]]>
              </value>
            </param>
            <param index="14">
              <value>
                <![CDATA[]]>
              </value>
            </param>
            <param index="15">
              <value>
                <![CDATA[]]>
              </value>
            </param>
            <param index="16">
              <value>
                <![CDATA[]]>
              </value>
            </param>
            <param index="17">
              <value>
                <![CDATA[Test Business Name]]>
              </value>
            </param>
            <param index="18">
              <value>
                <![CDATA[Test Business DBA Name]]>
              </value>
            </param>
            <param index="19">
              <value>
                <![CDATA[Partnership]]>
              </value>
            </param>
            <param index="20">
              <value>
                <![CDATA[123 Main Street]]>
              </value>
            </param>
            <param index="21">
              <value>
                <![CDATA[]]>
              </value>
            </param>
            <param index="22">
              <value>
                <![CDATA[Tallahassee]]>
              </value>
            </param>
            <param index="23">
              <value>
                <![CDATA[FL]]>
              </value>
            </param>
            <param index="24">
              <value>
                <![CDATA[32305]]>
              </value>
            </param>
            <param index="25">
              <value>
                <![CDATA[]]>
              </value>
            </param>
            <param index="26">
              <value>
                <![CDATA[]]>
              </value>
            </param>
            <param index="27">
              <value>
                <![CDATA[Duval]]>
              </value>
            </param>
            <param index="28">
              <value>
                <![CDATA[53]]>
              </value>
            </param>
            <param index="29">
              <value>
                <![CDATA[Miles]]>
              </value>
            </param>
            <param index="30">
              <value>
                <![CDATA[Out]]>
              </value>
            </param>
            <param index="31">
              <value>
                <![CDATA[Inland]]>
              </value>
            </param>
            <param index="32">
              <value>
                <![CDATA[78]]>
              </value>
            </param>
            <param index="33">
              <value>
                <![CDATA[Miles]]>
              </value>
            </param>
            <param index="34">
              <value>
                <![CDATA[5]]>
              </value>
            </param>
            <param index="35">
              <value>
                <![CDATA[5]]>
              </value>
            </param>
            <param index="36">
              <value>
                <![CDATA[Less than 1000 feet]]>
              </value>
            </param>
            <param index="37">
              <value>
                <![CDATA[219504]]>
              </value>
            </param>
            <param index="38">
              <value>
                <![CDATA[1000]]>
              </value>
            </param>
            <param index="39">
              <value>
                <![CDATA[5%]]>
              </value>
            </param>
            <param index="40">
              <value>
                <![CDATA[10%]]>
              </value>
            </param>
            <param index="41">
              <value>
                <![CDATA[$15,000/$15,000]]>
              </value>
            </param>
            <param index="42">
              <value>
                <![CDATA[$10,000]]>
              </value>
            </param>
            <param index="43">
              <value>
                <![CDATA[Single Family Residential Dwelling]]>
              </value>
            </param>
            <param index="44">
              <value>
                <![CDATA[2024]]>
              </value>
            </param>
            <param index="45">
              <value>
                <![CDATA[2024]]>
              </value>
            </param>
            <param index="46">
              <value>
                <![CDATA[2024]]>
              </value>
            </param>
            <param index="47">
              <value>
                <![CDATA[2024]]>
              </value>
            </param>
            <param index="48">
              <value>
                <![CDATA[2024]]>
              </value>
            </param>
            <param index="49">
              <value>
                <![CDATA[3900]]>
              </value>
            </param>
            <param index="50">
              <value>
                <![CDATA[Concrete/Reinforced Concrete]]>
              </value>
            </param>
            <param index="51">
              <value>
                <![CDATA[Masonry Non-Combustible]]>
              </value>
            </param>
            <param index="52">
              <value>
                <![CDATA[]]>
              </value>
            </param>
            <param index="53">
              <value>
                <![CDATA[1]]>
              </value>
            </param>
            <param index="54">
              <value>
                <![CDATA[]]>
              </value>
            </param>
            <param index="55">
              <value>
                <![CDATA[]]>
              </value>
            </param>
            <param index="56">
              <value>
                <![CDATA[]]>
              </value>
            </param>
            <param index="57">
              <value>
                <![CDATA[]]>
              </value>
            </param>
            <param index="58">
              <value>
                <![CDATA[]]>
              </value>
            </param>
            <param index="59">
              <value>
                <![CDATA[]]>
              </value>
            </param>
            <param index="60">
              <value>
                <![CDATA[]]>
              </value>
            </param>
            <param index="61">
              <value>
                <![CDATA[]]>
              </value>
            </param>
            <param index="62">
              <value>
                <![CDATA[]]>
              </value>
            </param>
            <param index="63">
              <value>
                <![CDATA[]]>
              </value>
            </param>
            <param index="64">
              <value>
                <![CDATA[]]>
              </value>
            </param>
            <param index="65">
              <value>
                <![CDATA[Additional Named Insured ]]>
              </value>
            </param>
            <param index="66">
              <value>
                <![CDATA[John]]>
              </value>
            </param>
            <param index="67">
              <value>
                <![CDATA[M]]>
              </value>
            </param>
            <param index="68">
              <value>
                <![CDATA[Doe]]>
              </value>
            </param>
            <param index="69">
              <value>
                <![CDATA[123 Main Street]]>
              </value>
            </param>
            <param index="70">
              <value>
                <![CDATA[]]>
              </value>
            </param>
            <param index="71">
              <value>
                <![CDATA[Tallahassee]]>
              </value>
            </param>
            <param index="72">
              <value>
                <![CDATA[FL]]>
              </value>
            </param>
            <param index="73">
              <value>
                <![CDATA[32301]]>
              </value>
            </param>
            <param index="74">
              <value>
                <![CDATA[Builder's Name Goes Here]]>
              </value>
            </param>
            <param index="75">
              <value>
                <![CDATA[Yes]]>
              </value>
            </param>
            <param index="76">
              <value>
                <![CDATA[8/13/23]]>
              </value>
            </param>
            <param index="77">
              <value>
                <![CDATA[24%]]>
              </value>
            </param>
            <param index="78">
              <value>
                <![CDATA[B]]>
              </value>
            </param>
            <param index="79">
              <value>
                <![CDATA[Crime score text description]]>
              </value>
            </param>
            <param index="80">
              <value>
                <![CDATA[]]>
              </value>
            </param>
            <param index="81">
              <value>
                <![CDATA[70]]>
              </value>
            </param>
            <param index="82">
              <value>
                <![CDATA[1.098]]>
              </value>
            </param>
            <param index="83">
              <value>
                <![CDATA[Judgement rating reason]]>
              </value>
            </param>
          </params>
          <reporter-output>
          </reporter-output>
        </test-method> <!-- buildersRiskCoverage -->
        <test-method is-config="true" signature="checkStatus(java.lang.reflect.Method,org.testng.ITestResult)[pri:0, instance:buildersRiskFLAgentTests.AgentCoverageTest@4e50c791]" started-at="2024-11-06T12:24:34 EST" name="checkStatus" finished-at="2024-11-06T12:24:34 EST" duration-ms="0" status="PASS">
          <params>
            <param index="0">
              <value>
                <![CDATA[public void buildersRiskFLAgentTests.AgentCoverageTest.buildersRiskCoverage(java.lang.String,java.lang.String,java.lang.String,java.lang.String,java.lang.String,java.lang.String,java.lang.String,java.lang.String,java.lang.String,java.lang.String,java.lang.String,java.lang.String,java.lang.String,java.lang.String,java.lang.String,java.lang.String,java.lang.String,java.lang.String,java.lang.String,java.lang.String,java.lang.String,java.lang.String,java.lang.String,java.lang.String,java.lang.String,java.lang.String,java.lang.String,java.lang.String,java.lang.String,java.lang.String,java.lang.String,java.lang.String,java.lang.String,java.lang.String,java.lang.String,java.lang.String,java.lang.String,java.lang.String,java.lang.String,java.lang.String,java.lang.String,java.lang.String,java.lang.String,java.lang.String,java.lang.String,java.lang.String,java.lang.String,java.lang.String,java.lang.String,java.lang.String,java.lang.String,java.lang.String,java.lang.String,java.lang.String,java.lang.String,java.lang.String,java.lang.String,java.lang.String,java.lang.String,java.lang.String,java.lang.String,java.lang.String,java.lang.String,java.lang.String,java.lang.String,java.lang.String,java.lang.String,java.lang.String,java.lang.String,java.lang.String,java.lang.String,java.lang.String,java.lang.String,java.lang.String,java.lang.String,java.lang.String,java.lang.String,java.lang.String,java.lang.String,java.lang.String,java.lang.String,java.lang.String,java.lang.String,java.lang.String) throws java.lang.InterruptedException]]>
              </value>
            </param>
            <param index="1">
              <value>
                <![CDATA[[TestResult name=buildersRiskCoverage status=SUCCESS method=AgentCoverageTest.buildersRiskCoverage(java.lang.String,java.lang.String,java.lang.String,java.lang.String,java.lang.String,java.lang.String,java.lang.String,java.lang.String,java.lang.String,java.lang.String,java.lang.String,java.lang.String,java.lang.String,java.lang.String,java.lang.String,java.lang.String,java.lang.String,java.lang.String,java.lang.String,java.lang.String,java.lang.String,java.lang.String,java.lang.String,java.lang.String,java.lang.String,java.lang.String,java.lang.String,java.lang.String,java.lang.String,java.lang.String,java.lang.String,java.lang.String,java.lang.String,java.lang.String,java.lang.String,java.lang.String,java.lang.String,java.lang.String,java.lang.String,java.lang.String,java.lang.String,java.lang.String,java.lang.String,java.lang.String,java.lang.String,java.lang.String,java.lang.String,java.lang.String,java.lang.String,java.lang.String,java.lang.String,java.lang.String,java.lang.String,java.lang.String,java.lang.String,java.lang.String,java.lang.String,java.lang.String,java.lang.String,java.lang.String,java.lang.String,java.lang.String,java.lang.String,java.lang.String,java.lang.String,java.lang.String,java.lang.String,java.lang.String,java.lang.String,java.lang.String,java.lang.String,java.lang.String,java.lang.String,java.lang.String,java.lang.String,java.lang.String,java.lang.String,java.lang.String,java.lang.String,java.lang.String,java.lang.String,java.lang.String,java.lang.String,java.lang.String)[pri:1, instance:buildersRiskFLAgentTests.AgentCoverageTest@4e50c791] output={null}]]]>
              </value>
            </param>
          </params>
          <reporter-output>
          </reporter-output>
        </test-method> <!-- checkStatus -->
        <test-method signature="buildersRiskCoverage2(java.lang.String,java.lang.String,java.lang.String,java.lang.String,java.lang.String,java.lang.String,java.lang.String,java.lang.String,java.lang.String,java.lang.String,java.lang.String,java.lang.String,java.lang.String,java.lang.String,java.lang.String,java.lang.String,java.lang.String,java.lang.String,java.lang.String,java.lang.String,java.lang.String,java.lang.String,java.lang.String,java.lang.String,java.lang.String,java.lang.String,java.lang.String,java.lang.String,java.lang.String,java.lang.String,java.lang.String,java.lang.String,java.lang.String,java.lang.String,java.lang.String,java.lang.String,java.lang.String,java.lang.String,java.lang.String,java.lang.String,java.lang.String,java.lang.String,java.lang.String,java.lang.String,java.lang.String,java.lang.String,java.lang.String,java.lang.String,java.lang.String,java.lang.String,java.lang.String,java.lang.String,java.lang.String,java.lang.String,java.lang.String,java.lang.String,java.lang.String,java.lang.String,java.lang.String,java.lang.String,java.lang.String,java.lang.String,java.lang.String,java.lang.String,java.lang.String,java.lang.String,java.lang.String,java.lang.String,java.lang.String,java.lang.String,java.lang.String,java.lang.String,java.lang.String,java.lang.String,java.lang.String,java.lang.String,java.lang.String,java.lang.String,java.lang.String,java.lang.String,java.lang.String,java.lang.String,java.lang.String,java.lang.String)[pri:2, instance:buildersRiskFLAgentTests.AgentCoverageTest@4e50c791]" started-at="2024-11-06T12:24:36 EST" name="buildersRiskCoverage2" description="C9094	TC02 - Builders Risk - Coverage - Applicant Information" data-provider="NewConstructionData" finished-at="2024-11-06T12:24:37 EST" duration-ms="1273" status="PASS">
          <params>
            <param index="0">
              <value>
                <![CDATA[Florida]]>
              </value>
            </param>
            <param index="1">
              <value>
                <![CDATA[One Shot]]>
              </value>
            </param>
            <param index="2">
              <value>
                <![CDATA[701 Old Hickory Rd]]>
              </value>
            </param>
            <param index="3">
              <value>
                <![CDATA[]]>
              </value>
            </param>
            <param index="4">
              <value>
                <![CDATA[Jacksonville]]>
              </value>
            </param>
            <param index="5">
              <value>
                <![CDATA[32207]]>
              </value>
            </param>
            <param index="6">
              <value>
                <![CDATA[10107]]>
              </value>
            </param>
            <param index="7">
              <value>
                <![CDATA[New Construction]]>
              </value>
            </param>
            <param index="8">
              <value>
                <![CDATA[12 Months]]>
              </value>
            </param>
            <param index="9">
              <value>
                <![CDATA[232-098-9022]]>
              </value>
            </param>
            <param index="10">
              <value>
                <![CDATA[buildersrisktest@cypressig.com]]>
              </value>
            </param>
            <param index="11">
              <value>
                <![CDATA[Builder]]>
              </value>
            </param>
            <param index="12">
              <value>
                <![CDATA[Business]]>
              </value>
            </param>
            <param index="13">
              <value>
                <![CDATA[]]>
              </value>
            </param>
            <param index="14">
              <value>
                <![CDATA[]]>
              </value>
            </param>
            <param index="15">
              <value>
                <![CDATA[]]>
              </value>
            </param>
            <param index="16">
              <value>
                <![CDATA[]]>
              </value>
            </param>
            <param index="17">
              <value>
                <![CDATA[Test Business Name]]>
              </value>
            </param>
            <param index="18">
              <value>
                <![CDATA[Test Business DBA Name]]>
              </value>
            </param>
            <param index="19">
              <value>
                <![CDATA[Partnership]]>
              </value>
            </param>
            <param index="20">
              <value>
                <![CDATA[123 Main Street]]>
              </value>
            </param>
            <param index="21">
              <value>
                <![CDATA[]]>
              </value>
            </param>
            <param index="22">
              <value>
                <![CDATA[Tallahassee]]>
              </value>
            </param>
            <param index="23">
              <value>
                <![CDATA[FL]]>
              </value>
            </param>
            <param index="24">
              <value>
                <![CDATA[32305]]>
              </value>
            </param>
            <param index="25">
              <value>
                <![CDATA[]]>
              </value>
            </param>
            <param index="26">
              <value>
                <![CDATA[]]>
              </value>
            </param>
            <param index="27">
              <value>
                <![CDATA[Duval]]>
              </value>
            </param>
            <param index="28">
              <value>
                <![CDATA[53]]>
              </value>
            </param>
            <param index="29">
              <value>
                <![CDATA[Miles]]>
              </value>
            </param>
            <param index="30">
              <value>
                <![CDATA[Out]]>
              </value>
            </param>
            <param index="31">
              <value>
                <![CDATA[Inland]]>
              </value>
            </param>
            <param index="32">
              <value>
                <![CDATA[78]]>
              </value>
            </param>
            <param index="33">
              <value>
                <![CDATA[Miles]]>
              </value>
            </param>
            <param index="34">
              <value>
                <![CDATA[5]]>
              </value>
            </param>
            <param index="35">
              <value>
                <![CDATA[5]]>
              </value>
            </param>
            <param index="36">
              <value>
                <![CDATA[Less than 1000 feet]]>
              </value>
            </param>
            <param index="37">
              <value>
                <![CDATA[219504]]>
              </value>
            </param>
            <param index="38">
              <value>
                <![CDATA[1000]]>
              </value>
            </param>
            <param index="39">
              <value>
                <![CDATA[5%]]>
              </value>
            </param>
            <param index="40">
              <value>
                <![CDATA[10%]]>
              </value>
            </param>
            <param index="41">
              <value>
                <![CDATA[$15,000/$15,000]]>
              </value>
            </param>
            <param index="42">
              <value>
                <![CDATA[$10,000]]>
              </value>
            </param>
            <param index="43">
              <value>
                <![CDATA[Single Family Residential Dwelling]]>
              </value>
            </param>
            <param index="44">
              <value>
                <![CDATA[2024]]>
              </value>
            </param>
            <param index="45">
              <value>
                <![CDATA[2024]]>
              </value>
            </param>
            <param index="46">
              <value>
                <![CDATA[2024]]>
              </value>
            </param>
            <param index="47">
              <value>
                <![CDATA[2024]]>
              </value>
            </param>
            <param index="48">
              <value>
                <![CDATA[2024]]>
              </value>
            </param>
            <param index="49">
              <value>
                <![CDATA[3900]]>
              </value>
            </param>
            <param index="50">
              <value>
                <![CDATA[Concrete/Reinforced Concrete]]>
              </value>
            </param>
            <param index="51">
              <value>
                <![CDATA[Masonry Non-Combustible]]>
              </value>
            </param>
            <param index="52">
              <value>
                <![CDATA[]]>
              </value>
            </param>
            <param index="53">
              <value>
                <![CDATA[1]]>
              </value>
            </param>
            <param index="54">
              <value>
                <![CDATA[]]>
              </value>
            </param>
            <param index="55">
              <value>
                <![CDATA[]]>
              </value>
            </param>
            <param index="56">
              <value>
                <![CDATA[]]>
              </value>
            </param>
            <param index="57">
              <value>
                <![CDATA[]]>
              </value>
            </param>
            <param index="58">
              <value>
                <![CDATA[]]>
              </value>
            </param>
            <param index="59">
              <value>
                <![CDATA[]]>
              </value>
            </param>
            <param index="60">
              <value>
                <![CDATA[]]>
              </value>
            </param>
            <param index="61">
              <value>
                <![CDATA[]]>
              </value>
            </param>
            <param index="62">
              <value>
                <![CDATA[]]>
              </value>
            </param>
            <param index="63">
              <value>
                <![CDATA[]]>
              </value>
            </param>
            <param index="64">
              <value>
                <![CDATA[]]>
              </value>
            </param>
            <param index="65">
              <value>
                <![CDATA[Additional Named Insured ]]>
              </value>
            </param>
            <param index="66">
              <value>
                <![CDATA[John]]>
              </value>
            </param>
            <param index="67">
              <value>
                <![CDATA[M]]>
              </value>
            </param>
            <param index="68">
              <value>
                <![CDATA[Doe]]>
              </value>
            </param>
            <param index="69">
              <value>
                <![CDATA[123 Main Street]]>
              </value>
            </param>
            <param index="70">
              <value>
                <![CDATA[]]>
              </value>
            </param>
            <param index="71">
              <value>
                <![CDATA[Tallahassee]]>
              </value>
            </param>
            <param index="72">
              <value>
                <![CDATA[FL]]>
              </value>
            </param>
            <param index="73">
              <value>
                <![CDATA[32301]]>
              </value>
            </param>
            <param index="74">
              <value>
                <![CDATA[Builder's Name Goes Here]]>
              </value>
            </param>
            <param index="75">
              <value>
                <![CDATA[Yes]]>
              </value>
            </param>
            <param index="76">
              <value>
                <![CDATA[8/13/23]]>
              </value>
            </param>
            <param index="77">
              <value>
                <![CDATA[24%]]>
              </value>
            </param>
            <param index="78">
              <value>
                <![CDATA[B]]>
              </value>
            </param>
            <param index="79">
              <value>
                <![CDATA[Crime score text description]]>
              </value>
            </param>
            <param index="80">
              <value>
                <![CDATA[]]>
              </value>
            </param>
            <param index="81">
              <value>
                <![CDATA[70]]>
              </value>
            </param>
            <param index="82">
              <value>
                <![CDATA[1.098]]>
              </value>
            </param>
            <param index="83">
              <value>
                <![CDATA[Judgement rating reason]]>
              </value>
            </param>
          </params>
          <reporter-output>
          </reporter-output>
        </test-method> <!-- buildersRiskCoverage2 -->
        <test-method is-config="true" signature="checkStatus(java.lang.reflect.Method,org.testng.ITestResult)[pri:0, instance:buildersRiskFLAgentTests.AgentCoverageTest@4e50c791]" started-at="2024-11-06T12:24:37 EST" name="checkStatus" finished-at="2024-11-06T12:24:37 EST" duration-ms="0" status="PASS">
          <params>
            <param index="0">
              <value>
                <![CDATA[public void buildersRiskFLAgentTests.AgentCoverageTest.buildersRiskCoverage2(java.lang.String,java.lang.String,java.lang.String,java.lang.String,java.lang.String,java.lang.String,java.lang.String,java.lang.String,java.lang.String,java.lang.String,java.lang.String,java.lang.String,java.lang.String,java.lang.String,java.lang.String,java.lang.String,java.lang.String,java.lang.String,java.lang.String,java.lang.String,java.lang.String,java.lang.String,java.lang.String,java.lang.String,java.lang.String,java.lang.String,java.lang.String,java.lang.String,java.lang.String,java.lang.String,java.lang.String,java.lang.String,java.lang.String,java.lang.String,java.lang.String,java.lang.String,java.lang.String,java.lang.String,java.lang.String,java.lang.String,java.lang.String,java.lang.String,java.lang.String,java.lang.String,java.lang.String,java.lang.String,java.lang.String,java.lang.String,java.lang.String,java.lang.String,java.lang.String,java.lang.String,java.lang.String,java.lang.String,java.lang.String,java.lang.String,java.lang.String,java.lang.String,java.lang.String,java.lang.String,java.lang.String,java.lang.String,java.lang.String,java.lang.String,java.lang.String,java.lang.String,java.lang.String,java.lang.String,java.lang.String,java.lang.String,java.lang.String,java.lang.String,java.lang.String,java.lang.String,java.lang.String,java.lang.String,java.lang.String,java.lang.String,java.lang.String,java.lang.String,java.lang.String,java.lang.String,java.lang.String,java.lang.String) throws java.lang.InterruptedException]]>
              </value>
            </param>
            <param index="1">
              <value>
                <![CDATA[[TestResult name=buildersRiskCoverage2 status=SUCCESS method=AgentCoverageTest.buildersRiskCoverage2(java.lang.String,java.lang.String,java.lang.String,java.lang.String,java.lang.String,java.lang.String,java.lang.String,java.lang.String,java.lang.String,java.lang.String,java.lang.String,java.lang.String,java.lang.String,java.lang.String,java.lang.String,java.lang.String,java.lang.String,java.lang.String,java.lang.String,java.lang.String,java.lang.String,java.lang.String,java.lang.String,java.lang.String,java.lang.String,java.lang.String,java.lang.String,java.lang.String,java.lang.String,java.lang.String,java.lang.String,java.lang.String,java.lang.String,java.lang.String,java.lang.String,java.lang.String,java.lang.String,java.lang.String,java.lang.String,java.lang.String,java.lang.String,java.lang.String,java.lang.String,java.lang.String,java.lang.String,java.lang.String,java.lang.String,java.lang.String,java.lang.String,java.lang.String,java.lang.String,java.lang.String,java.lang.String,java.lang.String,java.lang.String,java.lang.String,java.lang.String,java.lang.String,java.lang.String,java.lang.String,java.lang.String,java.lang.String,java.lang.String,java.lang.String,java.lang.String,java.lang.String,java.lang.String,java.lang.String,java.lang.String,java.lang.String,java.lang.String,java.lang.String,java.lang.String,java.lang.String,java.lang.String,java.lang.String,java.lang.String,java.lang.String,java.lang.String,java.lang.String,java.lang.String,java.lang.String,java.lang.String,java.lang.String)[pri:2, instance:buildersRiskFLAgentTests.AgentCoverageTest@4e50c791] output={null}]]]>
              </value>
            </param>
          </params>
          <reporter-output>
          </reporter-output>
        </test-method> <!-- checkStatus -->
        <test-method signature="buildersRiskCoverage3(java.lang.String,java.lang.String,java.lang.String,java.lang.String,java.lang.String,java.lang.String,java.lang.String,java.lang.String,java.lang.String,java.lang.String,java.lang.String,java.lang.String,java.lang.String,java.lang.String,java.lang.String,java.lang.String,java.lang.String,java.lang.String,java.lang.String,java.lang.String,java.lang.String,java.lang.String,java.lang.String,java.lang.String,java.lang.String,java.lang.String,java.lang.String,java.lang.String,java.lang.String,java.lang.String,java.lang.String,java.lang.String,java.lang.String,java.lang.String,java.lang.String,java.lang.String,java.lang.String,java.lang.String,java.lang.String,java.lang.String,java.lang.String,java.lang.String,java.lang.String,java.lang.String,java.lang.String,java.lang.String,java.lang.String,java.lang.String,java.lang.String,java.lang.String,java.lang.String,java.lang.String,java.lang.String,java.lang.String,java.lang.String,java.lang.String,java.lang.String,java.lang.String,java.lang.String,java.lang.String,java.lang.String,java.lang.String,java.lang.String,java.lang.String,java.lang.String,java.lang.String,java.lang.String,java.lang.String,java.lang.String,java.lang.String,java.lang.String,java.lang.String,java.lang.String,java.lang.String,java.lang.String,java.lang.String,java.lang.String,java.lang.String,java.lang.String,java.lang.String,java.lang.String,java.lang.String,java.lang.String,java.lang.String)[pri:3, instance:buildersRiskFLAgentTests.AgentCoverageTest@4e50c791]" started-at="2024-11-06T12:24:39 EST" name="buildersRiskCoverage3" description="C9095	TC03 - Builders Risk - Coverage - Applicant Mailing Address" data-provider="NewConstructionData" finished-at="2024-11-06T12:24:45 EST" duration-ms="5924" status="PASS">
          <params>
            <param index="0">
              <value>
                <![CDATA[Florida]]>
              </value>
            </param>
            <param index="1">
              <value>
                <![CDATA[One Shot]]>
              </value>
            </param>
            <param index="2">
              <value>
                <![CDATA[701 Old Hickory Rd]]>
              </value>
            </param>
            <param index="3">
              <value>
                <![CDATA[]]>
              </value>
            </param>
            <param index="4">
              <value>
                <![CDATA[Jacksonville]]>
              </value>
            </param>
            <param index="5">
              <value>
                <![CDATA[32207]]>
              </value>
            </param>
            <param index="6">
              <value>
                <![CDATA[10107]]>
              </value>
            </param>
            <param index="7">
              <value>
                <![CDATA[New Construction]]>
              </value>
            </param>
            <param index="8">
              <value>
                <![CDATA[12 Months]]>
              </value>
            </param>
            <param index="9">
              <value>
                <![CDATA[232-098-9022]]>
              </value>
            </param>
            <param index="10">
              <value>
                <![CDATA[buildersrisktest@cypressig.com]]>
              </value>
            </param>
            <param index="11">
              <value>
                <![CDATA[Builder]]>
              </value>
            </param>
            <param index="12">
              <value>
                <![CDATA[Business]]>
              </value>
            </param>
            <param index="13">
              <value>
                <![CDATA[]]>
              </value>
            </param>
            <param index="14">
              <value>
                <![CDATA[]]>
              </value>
            </param>
            <param index="15">
              <value>
                <![CDATA[]]>
              </value>
            </param>
            <param index="16">
              <value>
                <![CDATA[]]>
              </value>
            </param>
            <param index="17">
              <value>
                <![CDATA[Test Business Name]]>
              </value>
            </param>
            <param index="18">
              <value>
                <![CDATA[Test Business DBA Name]]>
              </value>
            </param>
            <param index="19">
              <value>
                <![CDATA[Partnership]]>
              </value>
            </param>
            <param index="20">
              <value>
                <![CDATA[123 Main Street]]>
              </value>
            </param>
            <param index="21">
              <value>
                <![CDATA[]]>
              </value>
            </param>
            <param index="22">
              <value>
                <![CDATA[Tallahassee]]>
              </value>
            </param>
            <param index="23">
              <value>
                <![CDATA[FL]]>
              </value>
            </param>
            <param index="24">
              <value>
                <![CDATA[32305]]>
              </value>
            </param>
            <param index="25">
              <value>
                <![CDATA[]]>
              </value>
            </param>
            <param index="26">
              <value>
                <![CDATA[]]>
              </value>
            </param>
            <param index="27">
              <value>
                <![CDATA[Duval]]>
              </value>
            </param>
            <param index="28">
              <value>
                <![CDATA[53]]>
              </value>
            </param>
            <param index="29">
              <value>
                <![CDATA[Miles]]>
              </value>
            </param>
            <param index="30">
              <value>
                <![CDATA[Out]]>
              </value>
            </param>
            <param index="31">
              <value>
                <![CDATA[Inland]]>
              </value>
            </param>
            <param index="32">
              <value>
                <![CDATA[78]]>
              </value>
            </param>
            <param index="33">
              <value>
                <![CDATA[Miles]]>
              </value>
            </param>
            <param index="34">
              <value>
                <![CDATA[5]]>
              </value>
            </param>
            <param index="35">
              <value>
                <![CDATA[5]]>
              </value>
            </param>
            <param index="36">
              <value>
                <![CDATA[Less than 1000 feet]]>
              </value>
            </param>
            <param index="37">
              <value>
                <![CDATA[219504]]>
              </value>
            </param>
            <param index="38">
              <value>
                <![CDATA[1000]]>
              </value>
            </param>
            <param index="39">
              <value>
                <![CDATA[5%]]>
              </value>
            </param>
            <param index="40">
              <value>
                <![CDATA[10%]]>
              </value>
            </param>
            <param index="41">
              <value>
                <![CDATA[$15,000/$15,000]]>
              </value>
            </param>
            <param index="42">
              <value>
                <![CDATA[$10,000]]>
              </value>
            </param>
            <param index="43">
              <value>
                <![CDATA[Single Family Residential Dwelling]]>
              </value>
            </param>
            <param index="44">
              <value>
                <![CDATA[2024]]>
              </value>
            </param>
            <param index="45">
              <value>
                <![CDATA[2024]]>
              </value>
            </param>
            <param index="46">
              <value>
                <![CDATA[2024]]>
              </value>
            </param>
            <param index="47">
              <value>
                <![CDATA[2024]]>
              </value>
            </param>
            <param index="48">
              <value>
                <![CDATA[2024]]>
              </value>
            </param>
            <param index="49">
              <value>
                <![CDATA[3900]]>
              </value>
            </param>
            <param index="50">
              <value>
                <![CDATA[Concrete/Reinforced Concrete]]>
              </value>
            </param>
            <param index="51">
              <value>
                <![CDATA[Masonry Non-Combustible]]>
              </value>
            </param>
            <param index="52">
              <value>
                <![CDATA[]]>
              </value>
            </param>
            <param index="53">
              <value>
                <![CDATA[1]]>
              </value>
            </param>
            <param index="54">
              <value>
                <![CDATA[]]>
              </value>
            </param>
            <param index="55">
              <value>
                <![CDATA[]]>
              </value>
            </param>
            <param index="56">
              <value>
                <![CDATA[]]>
              </value>
            </param>
            <param index="57">
              <value>
                <![CDATA[]]>
              </value>
            </param>
            <param index="58">
              <value>
                <![CDATA[]]>
              </value>
            </param>
            <param index="59">
              <value>
                <![CDATA[]]>
              </value>
            </param>
            <param index="60">
              <value>
                <![CDATA[]]>
              </value>
            </param>
            <param index="61">
              <value>
                <![CDATA[]]>
              </value>
            </param>
            <param index="62">
              <value>
                <![CDATA[]]>
              </value>
            </param>
            <param index="63">
              <value>
                <![CDATA[]]>
              </value>
            </param>
            <param index="64">
              <value>
                <![CDATA[]]>
              </value>
            </param>
            <param index="65">
              <value>
                <![CDATA[Additional Named Insured ]]>
              </value>
            </param>
            <param index="66">
              <value>
                <![CDATA[John]]>
              </value>
            </param>
            <param index="67">
              <value>
                <![CDATA[M]]>
              </value>
            </param>
            <param index="68">
              <value>
                <![CDATA[Doe]]>
              </value>
            </param>
            <param index="69">
              <value>
                <![CDATA[123 Main Street]]>
              </value>
            </param>
            <param index="70">
              <value>
                <![CDATA[]]>
              </value>
            </param>
            <param index="71">
              <value>
                <![CDATA[Tallahassee]]>
              </value>
            </param>
            <param index="72">
              <value>
                <![CDATA[FL]]>
              </value>
            </param>
            <param index="73">
              <value>
                <![CDATA[32301]]>
              </value>
            </param>
            <param index="74">
              <value>
                <![CDATA[Builder's Name Goes Here]]>
              </value>
            </param>
            <param index="75">
              <value>
                <![CDATA[Yes]]>
              </value>
            </param>
            <param index="76">
              <value>
                <![CDATA[8/13/23]]>
              </value>
            </param>
            <param index="77">
              <value>
                <![CDATA[24%]]>
              </value>
            </param>
            <param index="78">
              <value>
                <![CDATA[B]]>
              </value>
            </param>
            <param index="79">
              <value>
                <![CDATA[Crime score text description]]>
              </value>
            </param>
            <param index="80">
              <value>
                <![CDATA[]]>
              </value>
            </param>
            <param index="81">
              <value>
                <![CDATA[70]]>
              </value>
            </param>
            <param index="82">
              <value>
                <![CDATA[1.098]]>
              </value>
            </param>
            <param index="83">
              <value>
                <![CDATA[Judgement rating reason]]>
              </value>
            </param>
          </params>
          <reporter-output>
          </reporter-output>
        </test-method> <!-- buildersRiskCoverage3 -->
        <test-method is-config="true" signature="checkStatus(java.lang.reflect.Method,org.testng.ITestResult)[pri:0, instance:buildersRiskFLAgentTests.AgentCoverageTest@4e50c791]" started-at="2024-11-06T12:24:45 EST" name="checkStatus" finished-at="2024-11-06T12:24:45 EST" duration-ms="0" status="PASS">
          <params>
            <param index="0">
              <value>
                <![CDATA[public void buildersRiskFLAgentTests.AgentCoverageTest.buildersRiskCoverage3(java.lang.String,java.lang.String,java.lang.String,java.lang.String,java.lang.String,java.lang.String,java.lang.String,java.lang.String,java.lang.String,java.lang.String,java.lang.String,java.lang.String,java.lang.String,java.lang.String,java.lang.String,java.lang.String,java.lang.String,java.lang.String,java.lang.String,java.lang.String,java.lang.String,java.lang.String,java.lang.String,java.lang.String,java.lang.String,java.lang.String,java.lang.String,java.lang.String,java.lang.String,java.lang.String,java.lang.String,java.lang.String,java.lang.String,java.lang.String,java.lang.String,java.lang.String,java.lang.String,java.lang.String,java.lang.String,java.lang.String,java.lang.String,java.lang.String,java.lang.String,java.lang.String,java.lang.String,java.lang.String,java.lang.String,java.lang.String,java.lang.String,java.lang.String,java.lang.String,java.lang.String,java.lang.String,java.lang.String,java.lang.String,java.lang.String,java.lang.String,java.lang.String,java.lang.String,java.lang.String,java.lang.String,java.lang.String,java.lang.String,java.lang.String,java.lang.String,java.lang.String,java.lang.String,java.lang.String,java.lang.String,java.lang.String,java.lang.String,java.lang.String,java.lang.String,java.lang.String,java.lang.String,java.lang.String,java.lang.String,java.lang.String,java.lang.String,java.lang.String,java.lang.String,java.lang.String,java.lang.String,java.lang.String) throws java.lang.InterruptedException]]>
              </value>
            </param>
            <param index="1">
              <value>
                <![CDATA[[TestResult name=buildersRiskCoverage3 status=SUCCESS method=AgentCoverageTest.buildersRiskCoverage3(java.lang.String,java.lang.String,java.lang.String,java.lang.String,java.lang.String,java.lang.String,java.lang.String,java.lang.String,java.lang.String,java.lang.String,java.lang.String,java.lang.String,java.lang.String,java.lang.String,java.lang.String,java.lang.String,java.lang.String,java.lang.String,java.lang.String,java.lang.String,java.lang.String,java.lang.String,java.lang.String,java.lang.String,java.lang.String,java.lang.String,java.lang.String,java.lang.String,java.lang.String,java.lang.String,java.lang.String,java.lang.String,java.lang.String,java.lang.String,java.lang.String,java.lang.String,java.lang.String,java.lang.String,java.lang.String,java.lang.String,java.lang.String,java.lang.String,java.lang.String,java.lang.String,java.lang.String,java.lang.String,java.lang.String,java.lang.String,java.lang.String,java.lang.String,java.lang.String,java.lang.String,java.lang.String,java.lang.String,java.lang.String,java.lang.String,java.lang.String,java.lang.String,java.lang.String,java.lang.String,java.lang.String,java.lang.String,java.lang.String,java.lang.String,java.lang.String,java.lang.String,java.lang.String,java.lang.String,java.lang.String,java.lang.String,java.lang.String,java.lang.String,java.lang.String,java.lang.String,java.lang.String,java.lang.String,java.lang.String,java.lang.String,java.lang.String,java.lang.String,java.lang.String,java.lang.String,java.lang.String,java.lang.String)[pri:3, instance:buildersRiskFLAgentTests.AgentCoverageTest@4e50c791] output={null}]]]>
              </value>
            </param>
          </params>
          <reporter-output>
          </reporter-output>
        </test-method> <!-- checkStatus -->
        <test-method signature="buildersRiskCoverage5(java.lang.String,java.lang.String,java.lang.String,java.lang.String,java.lang.String,java.lang.String,java.lang.String,java.lang.String,java.lang.String,java.lang.String,java.lang.String,java.lang.String,java.lang.String,java.lang.String,java.lang.String,java.lang.String,java.lang.String,java.lang.String,java.lang.String,java.lang.String,java.lang.String,java.lang.String,java.lang.String,java.lang.String,java.lang.String,java.lang.String,java.lang.String,java.lang.String,java.lang.String,java.lang.String,java.lang.String,java.lang.String,java.lang.String,java.lang.String,java.lang.String,java.lang.String,java.lang.String,java.lang.String,java.lang.String,java.lang.String,java.lang.String,java.lang.String,java.lang.String,java.lang.String,java.lang.String,java.lang.String,java.lang.String,java.lang.String,java.lang.String,java.lang.String,java.lang.String,java.lang.String,java.lang.String,java.lang.String,java.lang.String,java.lang.String,java.lang.String,java.lang.String,java.lang.String,java.lang.String,java.lang.String,java.lang.String,java.lang.String,java.lang.String,java.lang.String,java.lang.String,java.lang.String,java.lang.String,java.lang.String,java.lang.String,java.lang.String,java.lang.String,java.lang.String,java.lang.String,java.lang.String,java.lang.String,java.lang.String,java.lang.String,java.lang.String,java.lang.String,java.lang.String,java.lang.String,java.lang.String,java.lang.String)[pri:5, instance:buildersRiskFLAgentTests.AgentCoverageTest@4e50c791]" started-at="2024-11-06T12:24:46 EST" name="buildersRiskCoverage5" description="T18807	TC05 - Builders Risk - Coverage - Protection Information" data-provider="NewConstructionData" finished-at="2024-11-06T12:24:56 EST" duration-ms="10261" status="PASS">
          <params>
            <param index="0">
              <value>
                <![CDATA[Florida]]>
              </value>
            </param>
            <param index="1">
              <value>
                <![CDATA[One Shot]]>
              </value>
            </param>
            <param index="2">
              <value>
                <![CDATA[701 Old Hickory Rd]]>
              </value>
            </param>
            <param index="3">
              <value>
                <![CDATA[]]>
              </value>
            </param>
            <param index="4">
              <value>
                <![CDATA[Jacksonville]]>
              </value>
            </param>
            <param index="5">
              <value>
                <![CDATA[32207]]>
              </value>
            </param>
            <param index="6">
              <value>
                <![CDATA[10107]]>
              </value>
            </param>
            <param index="7">
              <value>
                <![CDATA[New Construction]]>
              </value>
            </param>
            <param index="8">
              <value>
                <![CDATA[12 Months]]>
              </value>
            </param>
            <param index="9">
              <value>
                <![CDATA[232-098-9022]]>
              </value>
            </param>
            <param index="10">
              <value>
                <![CDATA[buildersrisktest@cypressig.com]]>
              </value>
            </param>
            <param index="11">
              <value>
                <![CDATA[Builder]]>
              </value>
            </param>
            <param index="12">
              <value>
                <![CDATA[Business]]>
              </value>
            </param>
            <param index="13">
              <value>
                <![CDATA[]]>
              </value>
            </param>
            <param index="14">
              <value>
                <![CDATA[]]>
              </value>
            </param>
            <param index="15">
              <value>
                <![CDATA[]]>
              </value>
            </param>
            <param index="16">
              <value>
                <![CDATA[]]>
              </value>
            </param>
            <param index="17">
              <value>
                <![CDATA[Test Business Name]]>
              </value>
            </param>
            <param index="18">
              <value>
                <![CDATA[Test Business DBA Name]]>
              </value>
            </param>
            <param index="19">
              <value>
                <![CDATA[Partnership]]>
              </value>
            </param>
            <param index="20">
              <value>
                <![CDATA[123 Main Street]]>
              </value>
            </param>
            <param index="21">
              <value>
                <![CDATA[]]>
              </value>
            </param>
            <param index="22">
              <value>
                <![CDATA[Tallahassee]]>
              </value>
            </param>
            <param index="23">
              <value>
                <![CDATA[FL]]>
              </value>
            </param>
            <param index="24">
              <value>
                <![CDATA[32305]]>
              </value>
            </param>
            <param index="25">
              <value>
                <![CDATA[]]>
              </value>
            </param>
            <param index="26">
              <value>
                <![CDATA[]]>
              </value>
            </param>
            <param index="27">
              <value>
                <![CDATA[Duval]]>
              </value>
            </param>
            <param index="28">
              <value>
                <![CDATA[53]]>
              </value>
            </param>
            <param index="29">
              <value>
                <![CDATA[Miles]]>
              </value>
            </param>
            <param index="30">
              <value>
                <![CDATA[Out]]>
              </value>
            </param>
            <param index="31">
              <value>
                <![CDATA[Inland]]>
              </value>
            </param>
            <param index="32">
              <value>
                <![CDATA[78]]>
              </value>
            </param>
            <param index="33">
              <value>
                <![CDATA[Miles]]>
              </value>
            </param>
            <param index="34">
              <value>
                <![CDATA[5]]>
              </value>
            </param>
            <param index="35">
              <value>
                <![CDATA[5]]>
              </value>
            </param>
            <param index="36">
              <value>
                <![CDATA[Less than 1000 feet]]>
              </value>
            </param>
            <param index="37">
              <value>
                <![CDATA[219504]]>
              </value>
            </param>
            <param index="38">
              <value>
                <![CDATA[1000]]>
              </value>
            </param>
            <param index="39">
              <value>
                <![CDATA[5%]]>
              </value>
            </param>
            <param index="40">
              <value>
                <![CDATA[10%]]>
              </value>
            </param>
            <param index="41">
              <value>
                <![CDATA[$15,000/$15,000]]>
              </value>
            </param>
            <param index="42">
              <value>
                <![CDATA[$10,000]]>
              </value>
            </param>
            <param index="43">
              <value>
                <![CDATA[Single Family Residential Dwelling]]>
              </value>
            </param>
            <param index="44">
              <value>
                <![CDATA[2024]]>
              </value>
            </param>
            <param index="45">
              <value>
                <![CDATA[2024]]>
              </value>
            </param>
            <param index="46">
              <value>
                <![CDATA[2024]]>
              </value>
            </param>
            <param index="47">
              <value>
                <![CDATA[2024]]>
              </value>
            </param>
            <param index="48">
              <value>
                <![CDATA[2024]]>
              </value>
            </param>
            <param index="49">
              <value>
                <![CDATA[3900]]>
              </value>
            </param>
            <param index="50">
              <value>
                <![CDATA[Concrete/Reinforced Concrete]]>
              </value>
            </param>
            <param index="51">
              <value>
                <![CDATA[Masonry Non-Combustible]]>
              </value>
            </param>
            <param index="52">
              <value>
                <![CDATA[]]>
              </value>
            </param>
            <param index="53">
              <value>
                <![CDATA[1]]>
              </value>
            </param>
            <param index="54">
              <value>
                <![CDATA[]]>
              </value>
            </param>
            <param index="55">
              <value>
                <![CDATA[]]>
              </value>
            </param>
            <param index="56">
              <value>
                <![CDATA[]]>
              </value>
            </param>
            <param index="57">
              <value>
                <![CDATA[]]>
              </value>
            </param>
            <param index="58">
              <value>
                <![CDATA[]]>
              </value>
            </param>
            <param index="59">
              <value>
                <![CDATA[]]>
              </value>
            </param>
            <param index="60">
              <value>
                <![CDATA[]]>
              </value>
            </param>
            <param index="61">
              <value>
                <![CDATA[]]>
              </value>
            </param>
            <param index="62">
              <value>
                <![CDATA[]]>
              </value>
            </param>
            <param index="63">
              <value>
                <![CDATA[]]>
              </value>
            </param>
            <param index="64">
              <value>
                <![CDATA[]]>
              </value>
            </param>
            <param index="65">
              <value>
                <![CDATA[Additional Named Insured ]]>
              </value>
            </param>
            <param index="66">
              <value>
                <![CDATA[John]]>
              </value>
            </param>
            <param index="67">
              <value>
                <![CDATA[M]]>
              </value>
            </param>
            <param index="68">
              <value>
                <![CDATA[Doe]]>
              </value>
            </param>
            <param index="69">
              <value>
                <![CDATA[123 Main Street]]>
              </value>
            </param>
            <param index="70">
              <value>
                <![CDATA[]]>
              </value>
            </param>
            <param index="71">
              <value>
                <![CDATA[Tallahassee]]>
              </value>
            </param>
            <param index="72">
              <value>
                <![CDATA[FL]]>
              </value>
            </param>
            <param index="73">
              <value>
                <![CDATA[32301]]>
              </value>
            </param>
            <param index="74">
              <value>
                <![CDATA[Builder's Name Goes Here]]>
              </value>
            </param>
            <param index="75">
              <value>
                <![CDATA[Yes]]>
              </value>
            </param>
            <param index="76">
              <value>
                <![CDATA[8/13/23]]>
              </value>
            </param>
            <param index="77">
              <value>
                <![CDATA[24%]]>
              </value>
            </param>
            <param index="78">
              <value>
                <![CDATA[B]]>
              </value>
            </param>
            <param index="79">
              <value>
                <![CDATA[Crime score text description]]>
              </value>
            </param>
            <param index="80">
              <value>
                <![CDATA[]]>
              </value>
            </param>
            <param index="81">
              <value>
                <![CDATA[70]]>
              </value>
            </param>
            <param index="82">
              <value>
                <![CDATA[1.098]]>
              </value>
            </param>
            <param index="83">
              <value>
                <![CDATA[Judgement rating reason]]>
              </value>
            </param>
          </params>
          <reporter-output>
          </reporter-output>
        </test-method> <!-- buildersRiskCoverage5 -->
        <test-method is-config="true" signature="checkStatus(java.lang.reflect.Method,org.testng.ITestResult)[pri:0, instance:buildersRiskFLAgentTests.AgentCoverageTest@4e50c791]" started-at="2024-11-06T12:24:56 EST" name="checkStatus" finished-at="2024-11-06T12:24:56 EST" duration-ms="0" status="PASS">
          <params>
            <param index="0">
              <value>
                <![CDATA[public void buildersRiskFLAgentTests.AgentCoverageTest.buildersRiskCoverage5(java.lang.String,java.lang.String,java.lang.String,java.lang.String,java.lang.String,java.lang.String,java.lang.String,java.lang.String,java.lang.String,java.lang.String,java.lang.String,java.lang.String,java.lang.String,java.lang.String,java.lang.String,java.lang.String,java.lang.String,java.lang.String,java.lang.String,java.lang.String,java.lang.String,java.lang.String,java.lang.String,java.lang.String,java.lang.String,java.lang.String,java.lang.String,java.lang.String,java.lang.String,java.lang.String,java.lang.String,java.lang.String,java.lang.String,java.lang.String,java.lang.String,java.lang.String,java.lang.String,java.lang.String,java.lang.String,java.lang.String,java.lang.String,java.lang.String,java.lang.String,java.lang.String,java.lang.String,java.lang.String,java.lang.String,java.lang.String,java.lang.String,java.lang.String,java.lang.String,java.lang.String,java.lang.String,java.lang.String,java.lang.String,java.lang.String,java.lang.String,java.lang.String,java.lang.String,java.lang.String,java.lang.String,java.lang.String,java.lang.String,java.lang.String,java.lang.String,java.lang.String,java.lang.String,java.lang.String,java.lang.String,java.lang.String,java.lang.String,java.lang.String,java.lang.String,java.lang.String,java.lang.String,java.lang.String,java.lang.String,java.lang.String,java.lang.String,java.lang.String,java.lang.String,java.lang.String,java.lang.String,java.lang.String) throws java.lang.InterruptedException]]>
              </value>
            </param>
            <param index="1">
              <value>
                <![CDATA[[TestResult name=buildersRiskCoverage5 status=SUCCESS method=AgentCoverageTest.buildersRiskCoverage5(java.lang.String,java.lang.String,java.lang.String,java.lang.String,java.lang.String,java.lang.String,java.lang.String,java.lang.String,java.lang.String,java.lang.String,java.lang.String,java.lang.String,java.lang.String,java.lang.String,java.lang.String,java.lang.String,java.lang.String,java.lang.String,java.lang.String,java.lang.String,java.lang.String,java.lang.String,java.lang.String,java.lang.String,java.lang.String,java.lang.String,java.lang.String,java.lang.String,java.lang.String,java.lang.String,java.lang.String,java.lang.String,java.lang.String,java.lang.String,java.lang.String,java.lang.String,java.lang.String,java.lang.String,java.lang.String,java.lang.String,java.lang.String,java.lang.String,java.lang.String,java.lang.String,java.lang.String,java.lang.String,java.lang.String,java.lang.String,java.lang.String,java.lang.String,java.lang.String,java.lang.String,java.lang.String,java.lang.String,java.lang.String,java.lang.String,java.lang.String,java.lang.String,java.lang.String,java.lang.String,java.lang.String,java.lang.String,java.lang.String,java.lang.String,java.lang.String,java.lang.String,java.lang.String,java.lang.String,java.lang.String,java.lang.String,java.lang.String,java.lang.String,java.lang.String,java.lang.String,java.lang.String,java.lang.String,java.lang.String,java.lang.String,java.lang.String,java.lang.String,java.lang.String,java.lang.String,java.lang.String,java.lang.String)[pri:5, instance:buildersRiskFLAgentTests.AgentCoverageTest@4e50c791] output={null}]]]>
              </value>
            </param>
          </params>
          <reporter-output>
          </reporter-output>
        </test-method> <!-- checkStatus -->
        <test-method signature="buildersRiskCoverage6(java.lang.String,java.lang.String,java.lang.String,java.lang.String,java.lang.String,java.lang.String,java.lang.String,java.lang.String,java.lang.String,java.lang.String,java.lang.String,java.lang.String,java.lang.String,java.lang.String,java.lang.String,java.lang.String,java.lang.String,java.lang.String,java.lang.String,java.lang.String,java.lang.String,java.lang.String,java.lang.String,java.lang.String,java.lang.String,java.lang.String,java.lang.String,java.lang.String,java.lang.String,java.lang.String,java.lang.String,java.lang.String,java.lang.String,java.lang.String,java.lang.String,java.lang.String,java.lang.String,java.lang.String,java.lang.String,java.lang.String,java.lang.String,java.lang.String,java.lang.String,java.lang.String,java.lang.String,java.lang.String,java.lang.String,java.lang.String,java.lang.String,java.lang.String,java.lang.String,java.lang.String,java.lang.String,java.lang.String,java.lang.String,java.lang.String,java.lang.String,java.lang.String,java.lang.String,java.lang.String,java.lang.String,java.lang.String,java.lang.String,java.lang.String,java.lang.String,java.lang.String,java.lang.String,java.lang.String,java.lang.String,java.lang.String,java.lang.String,java.lang.String,java.lang.String,java.lang.String,java.lang.String,java.lang.String,java.lang.String,java.lang.String,java.lang.String,java.lang.String,java.lang.String,java.lang.String,java.lang.String,java.lang.String)[pri:6, instance:buildersRiskFLAgentTests.AgentCoverageTest@4e50c791]" started-at="2024-11-06T12:24:58 EST" name="buildersRiskCoverage6" description="T18808	TC06 - Builders Risk - Coverage - Limits/Deductibles" data-provider="NewConstructionData" finished-at="2024-11-06T12:25:19 EST" duration-ms="20844" status="PASS">
          <params>
            <param index="0">
              <value>
                <![CDATA[Florida]]>
              </value>
            </param>
            <param index="1">
              <value>
                <![CDATA[One Shot]]>
              </value>
            </param>
            <param index="2">
              <value>
                <![CDATA[701 Old Hickory Rd]]>
              </value>
            </param>
            <param index="3">
              <value>
                <![CDATA[]]>
              </value>
            </param>
            <param index="4">
              <value>
                <![CDATA[Jacksonville]]>
              </value>
            </param>
            <param index="5">
              <value>
                <![CDATA[32207]]>
              </value>
            </param>
            <param index="6">
              <value>
                <![CDATA[10107]]>
              </value>
            </param>
            <param index="7">
              <value>
                <![CDATA[New Construction]]>
              </value>
            </param>
            <param index="8">
              <value>
                <![CDATA[12 Months]]>
              </value>
            </param>
            <param index="9">
              <value>
                <![CDATA[232-098-9022]]>
              </value>
            </param>
            <param index="10">
              <value>
                <![CDATA[buildersrisktest@cypressig.com]]>
              </value>
            </param>
            <param index="11">
              <value>
                <![CDATA[Builder]]>
              </value>
            </param>
            <param index="12">
              <value>
                <![CDATA[Business]]>
              </value>
            </param>
            <param index="13">
              <value>
                <![CDATA[]]>
              </value>
            </param>
            <param index="14">
              <value>
                <![CDATA[]]>
              </value>
            </param>
            <param index="15">
              <value>
                <![CDATA[]]>
              </value>
            </param>
            <param index="16">
              <value>
                <![CDATA[]]>
              </value>
            </param>
            <param index="17">
              <value>
                <![CDATA[Test Business Name]]>
              </value>
            </param>
            <param index="18">
              <value>
                <![CDATA[Test Business DBA Name]]>
              </value>
            </param>
            <param index="19">
              <value>
                <![CDATA[Partnership]]>
              </value>
            </param>
            <param index="20">
              <value>
                <![CDATA[123 Main Street]]>
              </value>
            </param>
            <param index="21">
              <value>
                <![CDATA[]]>
              </value>
            </param>
            <param index="22">
              <value>
                <![CDATA[Tallahassee]]>
              </value>
            </param>
            <param index="23">
              <value>
                <![CDATA[FL]]>
              </value>
            </param>
            <param index="24">
              <value>
                <![CDATA[32305]]>
              </value>
            </param>
            <param index="25">
              <value>
                <![CDATA[]]>
              </value>
            </param>
            <param index="26">
              <value>
                <![CDATA[]]>
              </value>
            </param>
            <param index="27">
              <value>
                <![CDATA[Duval]]>
              </value>
            </param>
            <param index="28">
              <value>
                <![CDATA[53]]>
              </value>
            </param>
            <param index="29">
              <value>
                <![CDATA[Miles]]>
              </value>
            </param>
            <param index="30">
              <value>
                <![CDATA[Out]]>
              </value>
            </param>
            <param index="31">
              <value>
                <![CDATA[Inland]]>
              </value>
            </param>
            <param index="32">
              <value>
                <![CDATA[78]]>
              </value>
            </param>
            <param index="33">
              <value>
                <![CDATA[Miles]]>
              </value>
            </param>
            <param index="34">
              <value>
                <![CDATA[5]]>
              </value>
            </param>
            <param index="35">
              <value>
                <![CDATA[5]]>
              </value>
            </param>
            <param index="36">
              <value>
                <![CDATA[Less than 1000 feet]]>
              </value>
            </param>
            <param index="37">
              <value>
                <![CDATA[219504]]>
              </value>
            </param>
            <param index="38">
              <value>
                <![CDATA[1000]]>
              </value>
            </param>
            <param index="39">
              <value>
                <![CDATA[5%]]>
              </value>
            </param>
            <param index="40">
              <value>
                <![CDATA[10%]]>
              </value>
            </param>
            <param index="41">
              <value>
                <![CDATA[$15,000/$15,000]]>
              </value>
            </param>
            <param index="42">
              <value>
                <![CDATA[$10,000]]>
              </value>
            </param>
            <param index="43">
              <value>
                <![CDATA[Single Family Residential Dwelling]]>
              </value>
            </param>
            <param index="44">
              <value>
                <![CDATA[2024]]>
              </value>
            </param>
            <param index="45">
              <value>
                <![CDATA[2024]]>
              </value>
            </param>
            <param index="46">
              <value>
                <![CDATA[2024]]>
              </value>
            </param>
            <param index="47">
              <value>
                <![CDATA[2024]]>
              </value>
            </param>
            <param index="48">
              <value>
                <![CDATA[2024]]>
              </value>
            </param>
            <param index="49">
              <value>
                <![CDATA[3900]]>
              </value>
            </param>
            <param index="50">
              <value>
                <![CDATA[Concrete/Reinforced Concrete]]>
              </value>
            </param>
            <param index="51">
              <value>
                <![CDATA[Masonry Non-Combustible]]>
              </value>
            </param>
            <param index="52">
              <value>
                <![CDATA[]]>
              </value>
            </param>
            <param index="53">
              <value>
                <![CDATA[1]]>
              </value>
            </param>
            <param index="54">
              <value>
                <![CDATA[]]>
              </value>
            </param>
            <param index="55">
              <value>
                <![CDATA[]]>
              </value>
            </param>
            <param index="56">
              <value>
                <![CDATA[]]>
              </value>
            </param>
            <param index="57">
              <value>
                <![CDATA[]]>
              </value>
            </param>
            <param index="58">
              <value>
                <![CDATA[]]>
              </value>
            </param>
            <param index="59">
              <value>
                <![CDATA[]]>
              </value>
            </param>
            <param index="60">
              <value>
                <![CDATA[]]>
              </value>
            </param>
            <param index="61">
              <value>
                <![CDATA[]]>
              </value>
            </param>
            <param index="62">
              <value>
                <![CDATA[]]>
              </value>
            </param>
            <param index="63">
              <value>
                <![CDATA[]]>
              </value>
            </param>
            <param index="64">
              <value>
                <![CDATA[]]>
              </value>
            </param>
            <param index="65">
              <value>
                <![CDATA[Additional Named Insured ]]>
              </value>
            </param>
            <param index="66">
              <value>
                <![CDATA[John]]>
              </value>
            </param>
            <param index="67">
              <value>
                <![CDATA[M]]>
              </value>
            </param>
            <param index="68">
              <value>
                <![CDATA[Doe]]>
              </value>
            </param>
            <param index="69">
              <value>
                <![CDATA[123 Main Street]]>
              </value>
            </param>
            <param index="70">
              <value>
                <![CDATA[]]>
              </value>
            </param>
            <param index="71">
              <value>
                <![CDATA[Tallahassee]]>
              </value>
            </param>
            <param index="72">
              <value>
                <![CDATA[FL]]>
              </value>
            </param>
            <param index="73">
              <value>
                <![CDATA[32301]]>
              </value>
            </param>
            <param index="74">
              <value>
[...]
            </param>
            <param index="1">
              <value>
                <![CDATA[[TestResult name=buildersRiskGeneral1 status=SUCCESS method=AgentGeneralTest.buildersRiskGeneral1(java.lang.String,java.lang.String,java.lang.String,java.lang.String,java.lang.String,java.lang.String,java.lang.String,java.lang.String,java.lang.String,java.lang.String,java.lang.String,java.lang.String,java.lang.String,java.lang.String,java.lang.String,java.lang.String,java.lang.String,java.lang.String,java.lang.String,java.lang.String,java.lang.String,java.lang.String,java.lang.String,java.lang.String,java.lang.String,java.lang.String,java.lang.String,java.lang.String,java.lang.String,java.lang.String,java.lang.String,java.lang.String,java.lang.String,java.lang.String,java.lang.String,java.lang.String,java.lang.String,java.lang.String,java.lang.String,java.lang.String,java.lang.String,java.lang.String,java.lang.String,java.lang.String,java.lang.String,java.lang.String,java.lang.String,java.lang.String,java.lang.String,java.lang.String,java.lang.String,java.lang.String,java.lang.String,java.lang.String,java.lang.String,java.lang.String,java.lang.String,java.lang.String,java.lang.String,java.lang.String,java.lang.String,java.lang.String,java.lang.String,java.lang.String,java.lang.String,java.lang.String,java.lang.String,java.lang.String,java.lang.String,java.lang.String,java.lang.String,java.lang.String,java.lang.String,java.lang.String,java.lang.String,java.lang.String,java.lang.String,java.lang.String,java.lang.String,java.lang.String,java.lang.String,java.lang.String,java.lang.String,java.lang.String)[pri:1, instance:buildersRiskFLAgentTests.AgentGeneralTest@58a9760d] output={null}]]]>
              </value>
            </param>
          </params>
          <reporter-output>
          </reporter-output>
        </test-method> <!-- checkStatus -->
        <test-method is-config="true" signature="checkStatus(java.lang.reflect.Method,org.testng.ITestResult)[pri:0, instance:buildersRiskFLAgentTests.AgentGeneralTest@58a9760d]" started-at="2024-11-06T12:29:28 EST" name="checkStatus" finished-at="2024-11-06T12:29:28 EST" duration-ms="0" status="PASS">
          <params>
            <param index="0">
              <value>
                <![CDATA[public void buildersRiskFLAgentTests.AgentGeneralTest.buildersRiskGeneral2() throws java.lang.InterruptedException]]>
              </value>
            </param>
            <param index="1">
              <value>
                <![CDATA[[TestResult name=buildersRiskGeneral2 status=SUCCESS method=AgentGeneralTest.buildersRiskGeneral2()[pri:2, instance:buildersRiskFLAgentTests.AgentGeneralTest@58a9760d] output={null}]]]>
              </value>
            </param>
          </params>
          <reporter-output>
          </reporter-output>
        </test-method> <!-- checkStatus -->
        <test-method signature="buildersRiskGeneral3(java.lang.String,java.lang.String,java.lang.String,java.lang.String,java.lang.String,java.lang.String,java.lang.String,java.lang.String,java.lang.String,java.lang.String,java.lang.String,java.lang.String,java.lang.String,java.lang.String,java.lang.String,java.lang.String,java.lang.String,java.lang.String,java.lang.String,java.lang.String,java.lang.String,java.lang.String,java.lang.String,java.lang.String,java.lang.String,java.lang.String,java.lang.String,java.lang.String,java.lang.String,java.lang.String,java.lang.String,java.lang.String,java.lang.String,java.lang.String,java.lang.String,java.lang.String,java.lang.String,java.lang.String,java.lang.String,java.lang.String,java.lang.String,java.lang.String,java.lang.String,java.lang.String,java.lang.String,java.lang.String,java.lang.String,java.lang.String,java.lang.String,java.lang.String,java.lang.String,java.lang.String,java.lang.String,java.lang.String,java.lang.String,java.lang.String,java.lang.String,java.lang.String,java.lang.String,java.lang.String,java.lang.String,java.lang.String,java.lang.String,java.lang.String,java.lang.String,java.lang.String,java.lang.String,java.lang.String,java.lang.String,java.lang.String,java.lang.String,java.lang.String,java.lang.String,java.lang.String,java.lang.String,java.lang.String,java.lang.String,java.lang.String,java.lang.String,java.lang.String,java.lang.String,java.lang.String,java.lang.String,java.lang.String)[pri:3, instance:buildersRiskFLAgentTests.AgentGeneralTest@58a9760d]" started-at="2024-11-06T12:29:29 EST" name="buildersRiskGeneral3" description="T18791	TC03 - Builders Risk - General - Prior Insurance Information" data-provider="NewConstructionData" finished-at="2024-11-06T12:30:00 EST" duration-ms="30883" status="PASS">
          <params>
            <param index="0">
              <value>
                <![CDATA[Florida]]>
              </value>
            </param>
            <param index="1">
              <value>
                <![CDATA[One Shot]]>
              </value>
            </param>
            <param index="2">
              <value>
                <![CDATA[701 Old Hickory Rd]]>
              </value>
            </param>
            <param index="3">
              <value>
                <![CDATA[]]>
              </value>
            </param>
            <param index="4">
              <value>
                <![CDATA[Jacksonville]]>
              </value>
            </param>
            <param index="5">
              <value>
                <![CDATA[32207]]>
              </value>
            </param>
            <param index="6">
              <value>
                <![CDATA[10107]]>
              </value>
            </param>
            <param index="7">
              <value>
                <![CDATA[New Construction]]>
              </value>
            </param>
            <param index="8">
              <value>
                <![CDATA[12 Months]]>
              </value>
            </param>
            <param index="9">
              <value>
                <![CDATA[232-098-9022]]>
              </value>
            </param>
            <param index="10">
              <value>
                <![CDATA[buildersrisktest@cypressig.com]]>
              </value>
            </param>
            <param index="11">
              <value>
                <![CDATA[Builder]]>
              </value>
            </param>
            <param index="12">
              <value>
                <![CDATA[Business]]>
              </value>
            </param>
            <param index="13">
              <value>
                <![CDATA[]]>
              </value>
            </param>
            <param index="14">
              <value>
                <![CDATA[]]>
              </value>
            </param>
            <param index="15">
              <value>
                <![CDATA[]]>
              </value>
            </param>
            <param index="16">
              <value>
                <![CDATA[]]>
              </value>
            </param>
            <param index="17">
              <value>
                <![CDATA[Test Business Name]]>
              </value>
            </param>
            <param index="18">
              <value>
                <![CDATA[Test Business DBA Name]]>
              </value>
            </param>
            <param index="19">
              <value>
                <![CDATA[Partnership]]>
              </value>
            </param>
            <param index="20">
              <value>
                <![CDATA[123 Main Street]]>
              </value>
            </param>
            <param index="21">
              <value>
                <![CDATA[]]>
              </value>
            </param>
            <param index="22">
              <value>
                <![CDATA[Tallahassee]]>
              </value>
            </param>
            <param index="23">
              <value>
                <![CDATA[FL]]>
              </value>
            </param>
            <param index="24">
              <value>
                <![CDATA[32305]]>
              </value>
            </param>
            <param index="25">
              <value>
                <![CDATA[]]>
              </value>
            </param>
            <param index="26">
              <value>
                <![CDATA[]]>
              </value>
            </param>
            <param index="27">
              <value>
                <![CDATA[Duval]]>
              </value>
            </param>
            <param index="28">
              <value>
                <![CDATA[53]]>
              </value>
            </param>
            <param index="29">
              <value>
                <![CDATA[Miles]]>
              </value>
            </param>
            <param index="30">
              <value>
                <![CDATA[Out]]>
              </value>
            </param>
            <param index="31">
              <value>
                <![CDATA[Inland]]>
              </value>
            </param>
            <param index="32">
              <value>
                <![CDATA[78]]>
              </value>
            </param>
            <param index="33">
              <value>
                <![CDATA[Miles]]>
              </value>
            </param>
            <param index="34">
              <value>
                <![CDATA[5]]>
              </value>
            </param>
            <param index="35">
              <value>
                <![CDATA[5]]>
              </value>
            </param>
            <param index="36">
              <value>
                <![CDATA[Less than 1000 feet]]>
              </value>
            </param>
            <param index="37">
              <value>
                <![CDATA[219504]]>
              </value>
            </param>
            <param index="38">
              <value>
                <![CDATA[1000]]>
              </value>
            </param>
            <param index="39">
              <value>
                <![CDATA[5%]]>
              </value>
            </param>
            <param index="40">
              <value>
                <![CDATA[10%]]>
              </value>
            </param>
            <param index="41">
              <value>
                <![CDATA[$15,000/$15,000]]>
              </value>
            </param>
            <param index="42">
              <value>
                <![CDATA[$10,000]]>
              </value>
            </param>
            <param index="43">
              <value>
                <![CDATA[Single Family Residential Dwelling]]>
              </value>
            </param>
            <param index="44">
              <value>
                <![CDATA[2024]]>
              </value>
            </param>
            <param index="45">
              <value>
                <![CDATA[2024]]>
              </value>
            </param>
            <param index="46">
              <value>
                <![CDATA[2024]]>
              </value>
            </param>
            <param index="47">
              <value>
                <![CDATA[2024]]>
              </value>
            </param>
            <param index="48">
              <value>
                <![CDATA[2024]]>
              </value>
            </param>
            <param index="49">
              <value>
                <![CDATA[3900]]>
              </value>
            </param>
            <param index="50">
              <value>
                <![CDATA[Concrete/Reinforced Concrete]]>
              </value>
            </param>
            <param index="51">
              <value>
                <![CDATA[Masonry Non-Combustible]]>
              </value>
            </param>
            <param index="52">
              <value>
                <![CDATA[]]>
              </value>
            </param>
            <param index="53">
              <value>
                <![CDATA[1]]>
              </value>
            </param>
            <param index="54">
              <value>
                <![CDATA[]]>
              </value>
            </param>
            <param index="55">
              <value>
                <![CDATA[]]>
              </value>
            </param>
            <param index="56">
              <value>
                <![CDATA[]]>
              </value>
            </param>
            <param index="57">
              <value>
                <![CDATA[]]>
              </value>
            </param>
            <param index="58">
              <value>
                <![CDATA[]]>
              </value>
            </param>
            <param index="59">
              <value>
                <![CDATA[]]>
              </value>
            </param>
            <param index="60">
              <value>
                <![CDATA[]]>
              </value>
            </param>
            <param index="61">
              <value>
                <![CDATA[]]>
              </value>
            </param>
            <param index="62">
              <value>
                <![CDATA[]]>
              </value>
            </param>
            <param index="63">
              <value>
                <![CDATA[]]>
              </value>
            </param>
            <param index="64">
              <value>
                <![CDATA[]]>
              </value>
            </param>
            <param index="65">
              <value>
                <![CDATA[Additional Named Insured ]]>
              </value>
            </param>
            <param index="66">
              <value>
                <![CDATA[John]]>
              </value>
            </param>
            <param index="67">
              <value>
                <![CDATA[M]]>
              </value>
            </param>
            <param index="68">
              <value>
                <![CDATA[Doe]]>
              </value>
            </param>
            <param index="69">
              <value>
                <![CDATA[123 Main Street]]>
              </value>
            </param>
            <param index="70">
              <value>
                <![CDATA[]]>
              </value>
            </param>
            <param index="71">
              <value>
                <![CDATA[Tallahassee]]>
              </value>
            </param>
            <param index="72">
              <value>
                <![CDATA[FL]]>
              </value>
            </param>
            <param index="73">
              <value>
                <![CDATA[32301]]>
              </value>
            </param>
            <param index="74">
              <value>
                <![CDATA[Builder's Name Goes Here]]>
              </value>
            </param>
            <param index="75">
              <value>
                <![CDATA[Yes]]>
              </value>
            </param>
            <param index="76">
              <value>
                <![CDATA[8/13/23]]>
              </value>
            </param>
            <param index="77">
              <value>
                <![CDATA[24%]]>
              </value>
            </param>
            <param index="78">
              <value>
                <![CDATA[B]]>
              </value>
            </param>
            <param index="79">
              <value>
                <![CDATA[Crime score text description]]>
              </value>
            </param>
            <param index="80">
              <value>
                <![CDATA[]]>
              </value>
            </param>
            <param index="81">
              <value>
                <![CDATA[70]]>
              </value>
            </param>
            <param index="82">
              <value>
                <![CDATA[1.098]]>
              </value>
            </param>
            <param index="83">
              <value>
                <![CDATA[Judgement rating reason]]>
              </value>
            </param>
          </params>
          <reporter-output>
          </reporter-output>
        </test-method> <!-- buildersRiskGeneral3 -->
        <test-method is-config="true" signature="checkStatus(java.lang.reflect.Method,org.testng.ITestResult)[pri:0, instance:buildersRiskFLAgentTests.AgentGeneralTest@58a9760d]" started-at="2024-11-06T12:30:00 EST" name="checkStatus" finished-at="2024-11-06T12:30:00 EST" duration-ms="0" status="PASS">
          <params>
            <param index="0">
              <value>
                <![CDATA[public void buildersRiskFLAgentTests.AgentGeneralTest.buildersRiskGeneral3(java.lang.String,java.lang.String,java.lang.String,java.lang.String,java.lang.String,java.lang.String,java.lang.String,java.lang.String,java.lang.String,java.lang.String,java.lang.String,java.lang.String,java.lang.String,java.lang.String,java.lang.String,java.lang.String,java.lang.String,java.lang.String,java.lang.String,java.lang.String,java.lang.String,java.lang.String,java.lang.String,java.lang.String,java.lang.String,java.lang.String,java.lang.String,java.lang.String,java.lang.String,java.lang.String,java.lang.String,java.lang.String,java.lang.String,java.lang.String,java.lang.String,java.lang.String,java.lang.String,java.lang.String,java.lang.String,java.lang.String,java.lang.String,java.lang.String,java.lang.String,java.lang.String,java.lang.String,java.lang.String,java.lang.String,java.lang.String,java.lang.String,java.lang.String,java.lang.String,java.lang.String,java.lang.String,java.lang.String,java.lang.String,java.lang.String,java.lang.String,java.lang.String,java.lang.String,java.lang.String,java.lang.String,java.lang.String,java.lang.String,java.lang.String,java.lang.String,java.lang.String,java.lang.String,java.lang.String,java.lang.String,java.lang.String,java.lang.String,java.lang.String,java.lang.String,java.lang.String,java.lang.String,java.lang.String,java.lang.String,java.lang.String,java.lang.String,java.lang.String,java.lang.String,java.lang.String,java.lang.String,java.lang.String) throws java.lang.InterruptedException,java.text.ParseException]]>
              </value>
            </param>
            <param index="1">
              <value>
                <![CDATA[[TestResult name=buildersRiskGeneral3 status=SUCCESS method=AgentGeneralTest.buildersRiskGeneral3(java.lang.String,java.lang.String,java.lang.String,java.lang.String,java.lang.String,java.lang.String,java.lang.String,java.lang.String,java.lang.String,java.lang.String,java.lang.String,java.lang.String,java.lang.String,java.lang.String,java.lang.String,java.lang.String,java.lang.String,java.lang.String,java.lang.String,java.lang.String,java.lang.String,java.lang.String,java.lang.String,java.lang.String,java.lang.String,java.lang.String,java.lang.String,java.lang.String,java.lang.String,java.lang.String,java.lang.String,java.lang.String,java.lang.String,java.lang.String,java.lang.String,java.lang.String,java.lang.String,java.lang.String,java.lang.String,java.lang.String,java.lang.String,java.lang.String,java.lang.String,java.lang.String,java.lang.String,java.lang.String,java.lang.String,java.lang.String,java.lang.String,java.lang.String,java.lang.String,java.lang.String,java.lang.String,java.lang.String,java.lang.String,java.lang.String,java.lang.String,java.lang.String,java.lang.String,java.lang.String,java.lang.String,java.lang.String,java.lang.String,java.lang.String,java.lang.String,java.lang.String,java.lang.String,java.lang.String,java.lang.String,java.lang.String,java.lang.String,java.lang.String,java.lang.String,java.lang.String,java.lang.String,java.lang.String,java.lang.String,java.lang.String,java.lang.String,java.lang.String,java.lang.String,java.lang.String,java.lang.String,java.lang.String)[pri:3, instance:buildersRiskFLAgentTests.AgentGeneralTest@58a9760d] output={null}]]]>
              </value>
            </param>
          </params>
          <reporter-output>
          </reporter-output>
        </test-method> <!-- checkStatus -->
      </class> <!-- buildersRiskFLAgentTests.AgentGeneralTest -->
    </test> <!-- Test -->
  </suite> <!-- Suite -->
</testng-results>
