<?xml version="1.0" encoding="UTF-8"?>
<!-- Generated by org.testng.reporters.JUnitReportReporter -->
<testsuite hostname="COG00088" failures="0" tests="2" name="buildersRiskTests.BuildersRiskIndividualFullQuoteTest" time="14.238" errors="0" timestamp="2023-12-01T12:33:23 EST" skipped="0">
  <testcase classname="buildersRiskTests.BuildersRiskIndividualFullQuoteTest" name="buildersRiskNewQuote" time="6.956"/>
  <testcase classname="buildersRiskTests.BuildersRiskIndividualFullQuoteTest" name="buildersRiskNewQuotePrequalification" time="7.282"/>
</testsuite> <!-- buildersRiskTests.BuildersRiskIndividualFullQuoteTest -->
