<?xml version="1.0" encoding="UTF-8"?>
<!-- Generated by org.testng.reporters.JUnitReportReporter -->
<testsuite hostname="COG00088" failures="0" tests="1" name="testcases.Dwelling" time="1.701" errors="1" timestamp="2023-11-07T11:41:37 EST" skipped="0">
  <testcase classname="testcases.Dwelling" name="Dwelling" time="1.701">
    <error message="
[public void testcases.Dwelling.Dwelling(java.lang.String,java.lang.String,java.lang.String,java.lang.String,java.lang.String,java.lang.String,java.lang.String,java.lang.String,java.lang.String,java.lang.String,java.lang.String,java.lang.String,java.lang.String,java.lang.String,java.lang.String,java.lang.String,java.lang.String,java.lang.String,java.lang.String,java.lang.String,java.lang.String,java.lang.String,java.lang.String,java.lang.String,java.lang.String,java.lang.String,java.lang.String,java.lang.String,java.lang.String,java.lang.String,java.lang.String,java.lang.String,java.lang.String,java.lang.String,java.lang.String,java.lang.String) throws java.lang.Exception] has no parameters defined but was found to be using a data provider (either explicitly specified or inherited from class level annotation).
Data provider mismatch
Method: Dwelling([java.lang.String arg0, java.lang.String arg1, java.lang.String arg2, java.lang.String arg3, java.lang.String arg4, java.lang.String arg5, java.lang.String arg6, java.lang.String arg7, java.lang.String arg8, java.lang.String arg9, java.lang.String arg10, java.lang.String arg11, java.lang.String arg12, java.lang.String arg13, java.lang.String arg14, java.lang.String arg15, java.lang.String arg16, java.lang.String arg17, java.lang.String arg18, java.lang.String arg19, java.lang.String arg20, java.lang.String arg21, java.lang.String arg22, java.lang.String arg23, java.lang.String arg24, java.lang.String arg25, java.lang.String arg26, java.lang.String arg27, java.lang.String arg28, java.lang.String arg29, java.lang.String arg30, java.lang.String arg31, java.lang.String arg32, java.lang.String arg33, java.lang.String arg34, java.lang.String arg35])
Arguments: [(java.lang.String) CRAIG,(java.lang.String) OCONNELL,(java.lang.String) Dwelling,(java.lang.String) 2922 PEARCE ST,(java.lang.String) JACKSONVILLE,(java.lang.String) 32209,(java.lang.String) 10100,(java.lang.String) 10/28/23,(java.lang.String) 212-777-7771,(java.lang.String) shakir.alexander.noah@cornerops.com,(java.lang.String) 11/12/80,(java.lang.String) Employed,(java.lang.String) 2922 PEARCE ST,(java.lang.String) JACKSONVILLE,(java.lang.String) 32209,(java.lang.String) Yes,(java.lang.String) Frame,(java.lang.String) 2018,(java.lang.String) 1250,(java.lang.String) 2018,(java.lang.String) 3-tab Shingle,(java.lang.String) Less than 1000 feet,(java.lang.String) 2%,(java.lang.String) 0,(java.lang.String) Geico,(java.lang.String) 11/2/23,(java.lang.String) 1.22345E+12,(java.lang.String) 2.5,(java.lang.String) Attached,(java.lang.String) 1,(java.lang.String) Closed,(java.lang.String) Concrete Block,(java.lang.String) Basement,(java.lang.String) Central/Electric,(java.lang.String) 550000,(java.lang.String) No,(java.lang.String) ]" type="org.testng.internal.reflect.MethodMatcherException">
      <![CDATA[org.testng.internal.reflect.MethodMatcherException: 
[public void testcases.Dwelling.Dwelling(java.lang.String,java.lang.String,java.lang.String,java.lang.String,java.lang.String,java.lang.String,java.lang.String,java.lang.String,java.lang.String,java.lang.String,java.lang.String,java.lang.String,java.lang.String,java.lang.String,java.lang.String,java.lang.String,java.lang.String,java.lang.String,java.lang.String,java.lang.String,java.lang.String,java.lang.String,java.lang.String,java.lang.String,java.lang.String,java.lang.String,java.lang.String,java.lang.String,java.lang.String,java.lang.String,java.lang.String,java.lang.String,java.lang.String,java.lang.String,java.lang.String,java.lang.String) throws java.lang.Exception] has no parameters defined but was found to be using a data provider (either explicitly specified or inherited from class level annotation).
Data provider mismatch
Method: Dwelling([java.lang.String arg0, java.lang.String arg1, java.lang.String arg2, java.lang.String arg3, java.lang.String arg4, java.lang.String arg5, java.lang.String arg6, java.lang.String arg7, java.lang.String arg8, java.lang.String arg9, java.lang.String arg10, java.lang.String arg11, java.lang.String arg12, java.lang.String arg13, java.lang.String arg14, java.lang.String arg15, java.lang.String arg16, java.lang.String arg17, java.lang.String arg18, java.lang.String arg19, java.lang.String arg20, java.lang.String arg21, java.lang.String arg22, java.lang.String arg23, java.lang.String arg24, java.lang.String arg25, java.lang.String arg26, java.lang.String arg27, java.lang.String arg28, java.lang.String arg29, java.lang.String arg30, java.lang.String arg31, java.lang.String arg32, java.lang.String arg33, java.lang.String arg34, java.lang.String arg35])
Arguments: [(java.lang.String) CRAIG,(java.lang.String) OCONNELL,(java.lang.String) Dwelling,(java.lang.String) 2922 PEARCE ST,(java.lang.String) JACKSONVILLE,(java.lang.String) 32209,(java.lang.String) 10100,(java.lang.String) 10/28/23,(java.lang.String) 212-777-7771,(java.lang.String) shakir.alexander.noah@cornerops.com,(java.lang.String) 11/12/80,(java.lang.String) Employed,(java.lang.String) 2922 PEARCE ST,(java.lang.String) JACKSONVILLE,(java.lang.String) 32209,(java.lang.String) Yes,(java.lang.String) Frame,(java.lang.String) 2018,(java.lang.String) 1250,(java.lang.String) 2018,(java.lang.String) 3-tab Shingle,(java.lang.String) Less than 1000 feet,(java.lang.String) 2%,(java.lang.String) 0,(java.lang.String) Geico,(java.lang.String) 11/2/23,(java.lang.String) 1.22345E+12,(java.lang.String) 2.5,(java.lang.String) Attached,(java.lang.String) 1,(java.lang.String) Closed,(java.lang.String) Concrete Block,(java.lang.String) Basement,(java.lang.String) Central/Electric,(java.lang.String) 550000,(java.lang.String) No,(java.lang.String) ]
at org.testng.internal.reflect.DataProviderMethodMatcher.getConformingArguments(DataProviderMethodMatcher.java:46)
at org.testng.internal.Parameters.injectParameters(Parameters.java:909)
at org.testng.internal.invokers.MethodRunner.runInSequence(MethodRunner.java:37)
at org.testng.internal.invokers.TestInvoker$MethodInvocationAgent.invoke(TestInvoker.java:957)
at org.testng.internal.invokers.TestInvoker.invokeTestMethods(TestInvoker.java:200)
at org.testng.internal.invokers.TestMethodWorker.invokeTestMethods(TestMethodWorker.java:148)
at org.testng.internal.invokers.TestMethodWorker.run(TestMethodWorker.java:128)
at java.base/java.util.ArrayList.forEach(ArrayList.java:1511)
at org.testng.TestRunner.privateRun(TestRunner.java:848)
at org.testng.TestRunner.run(TestRunner.java:621)
at org.testng.SuiteRunner.runTest(SuiteRunner.java:443)
at org.testng.SuiteRunner.runSequentially(SuiteRunner.java:437)
at org.testng.SuiteRunner.privateRun(SuiteRunner.java:397)
at org.testng.SuiteRunner.run(SuiteRunner.java:336)
at org.testng.SuiteRunnerWorker.runSuite(SuiteRunnerWorker.java:52)
at org.testng.SuiteRunnerWorker.run(SuiteRunnerWorker.java:95)
at org.testng.TestNG.runSuitesSequentially(TestNG.java:1280)
at org.testng.TestNG.runSuitesLocally(TestNG.java:1200)
at org.testng.TestNG.runSuites(TestNG.java:1114)
at org.testng.TestNG.run(TestNG.java:1082)
at org.testng.remote.AbstractRemoteTestNG.run(AbstractRemoteTestNG.java:115)
at org.testng.remote.RemoteTestNG.initAndRun(RemoteTestNG.java:251)
at org.testng.remote.RemoteTestNG.main(RemoteTestNG.java:77)
]]>
    </error>
  </testcase> <!-- Dwelling -->
</testsuite> <!-- testcases.Dwelling -->
