<?xml version="1.0" encoding="UTF-8"?>
<!-- Generated by org.testng.reporters.JUnitReportReporter -->
<testsuite hostname="COG00088" failures="0" tests="3" name="buildersRiskTestsFlorida.BuildersRiskInternalPageTest" time="26.485" errors="0" timestamp="2024-10-23T21:53:10 EDT" skipped="0">
  <testcase classname="buildersRiskTestsFlorida.BuildersRiskInternalPageTest" name="buildersRiskInternal1" time="5.929"/>
  <testcase classname="buildersRiskTestsFlorida.BuildersRiskInternalPageTest" name="buildersRiskInternal2" time="7.657"/>
  <testcase classname="buildersRiskTestsFlorida.BuildersRiskInternalPageTest" name="buildersRiskInternal3" time="12.899"/>
</testsuite> <!-- buildersRiskTestsFlorida.BuildersRiskInternalPageTest -->
