<?xml version="1.0" encoding="UTF-8"?>
<!-- Generated by org.testng.reporters.JUnitReportReporter -->
<testsuite hostname="COG00088" failures="0" tests="2" name="utilities.ReusablePolicyMaker" time="0.015" errors="0" timestamp="2024-10-22T22:58:21 EDT" skipped="0">
  <testcase classname="utilities.ReusablePolicyMaker" name="GenerateTXData" time="0.002"/>
  <testcase classname="utilities.ReusablePolicyMaker" name="GenerateFLData" time="0.013"/>
</testsuite> <!-- utilities.ReusablePolicyMaker -->
