<?xml version="1.0" encoding="UTF-8"?>
<!-- Generated by org.testng.reporters.JUnitReportReporter -->
<testsuite hostname="COG00088" failures="0" tests="3" name="buildersRiskTestsTexas.BuildersRiskAdditionalInterestsTest" time="65.326" errors="0" timestamp="2024-10-23T22:41:41 EDT" skipped="0">
  <testcase classname="buildersRiskTestsTexas.BuildersRiskAdditionalInterestsTest" name="buildersRiskInterests1" time="0.311"/>
  <testcase classname="buildersRiskTestsTexas.BuildersRiskAdditionalInterestsTest" name="buildersRiskInterests2" time="25.259"/>
  <testcase classname="buildersRiskTestsTexas.BuildersRiskAdditionalInterestsTest" name="buildersRiskInterests3" time="39.756"/>
</testsuite> <!-- buildersRiskTestsTexas.BuildersRiskAdditionalInterestsTest -->
