<?xml version="1.0" encoding="UTF-8"?>
<!-- Generated by org.testng.reporters.JUnitReportReporter -->
<testsuite hostname="COG00088" failures="0" tests="5" name="buildersRiskTestsFlorida.BuildersRiskDisplayQuoteTest" time="23.288" errors="0" timestamp="2024-10-23T21:53:10 EDT" skipped="0">
  <testcase classname="buildersRiskTestsFlorida.BuildersRiskDisplayQuoteTest" name="buildersRiskDisplayQuote1" time="0.310"/>
  <testcase classname="buildersRiskTestsFlorida.BuildersRiskDisplayQuoteTest" name="buildersRiskDisplayQuote2" time="0.337"/>
  <testcase classname="buildersRiskTestsFlorida.BuildersRiskDisplayQuoteTest" name="buildersRiskDisplayQuote4" time="0.104"/>
  <testcase classname="buildersRiskTestsFlorida.BuildersRiskDisplayQuoteTest" name="buildersRiskDisplayQuote5" time="0.146"/>
  <testcase classname="buildersRiskTestsFlorida.BuildersRiskDisplayQuoteTest" name="buildersRiskDisplayQuote6" time="22.391"/>
</testsuite> <!-- buildersRiskTestsFlorida.BuildersRiskDisplayQuoteTest -->
