<?xml version="1.0" encoding="UTF-8"?>
<!-- Generated by org.testng.reporters.JUnitReportReporter -->
<testsuite hostname="COG00088" failures="0" tests="2" name="buildersRiskMisc.BuildersRiskUWCancelTest" time="742.654" errors="0" timestamp="2024-10-24T01:13:44 EDT" skipped="0">
  <testcase classname="buildersRiskMisc.BuildersRiskUWCancelTest" name="buildersRiskUWCancel" time="376.118"/>
  <testcase classname="buildersRiskMisc.BuildersRiskUWCancelTest" name="buildersRiskUWCancel" time="366.536"/>
</testsuite> <!-- buildersRiskMisc.BuildersRiskUWCancelTest -->
