<?xml version="1.0" encoding="UTF-8"?>
<!-- Generated by org.testng.reporters.JUnitReportReporter -->
<testsuite hostname="COG00088" failures="0" tests="7" name="buildersRiskTestsTexas.BuildersRiskCoverageTest" time="69.231" errors="0" timestamp="2024-10-23T22:41:41 EDT" skipped="0">
  <testcase classname="buildersRiskTestsTexas.BuildersRiskCoverageTest" name="buildersRiskCoverage" time="0.308"/>
  <testcase classname="buildersRiskTestsTexas.BuildersRiskCoverageTest" name="buildersRiskCoverage2" time="22.079"/>
  <testcase classname="buildersRiskTestsTexas.BuildersRiskCoverageTest" name="buildersRiskCoverage3" time="6.821"/>
  <testcase classname="buildersRiskTestsTexas.BuildersRiskCoverageTest" name="buildersRiskCoverage4" time="6.353"/>
  <testcase classname="buildersRiskTestsTexas.BuildersRiskCoverageTest" name="buildersRiskCoverage5" time="0.728"/>
  <testcase classname="buildersRiskTestsTexas.BuildersRiskCoverageTest" name="buildersRiskCoverage6" time="1.268"/>
  <testcase classname="buildersRiskTestsTexas.BuildersRiskCoverageTest" name="buildersRiskCoverage7" time="31.674"/>
</testsuite> <!-- buildersRiskTestsTexas.BuildersRiskCoverageTest -->
