<?xml version="1.0" encoding="UTF-8"?>
<!-- Generated by org.testng.reporters.JUnitReportReporter -->
<testsuite hostname="COG00120" failures="0" tests="4" name="buildersRiskTestsFlorida.BuildersRiskAdditionalInterestsTest" time="107.267" errors="0" timestamp="2024-10-29T11:24:34 EDT" skipped="0">
  <testcase classname="buildersRiskTestsFlorida.BuildersRiskAdditionalInterestsTest" name="buildersRiskNewQuote" time="50.763"/>
  <system-out/>
  <testcase classname="buildersRiskTestsFlorida.BuildersRiskAdditionalInterestsTest" name="buildersRiskInterests1" time="0.237"/>
  <system-out/>
  <testcase classname="buildersRiskTestsFlorida.BuildersRiskAdditionalInterestsTest" name="buildersRiskInterests2" time="26.352"/>
  <system-out/>
  <testcase classname="buildersRiskTestsFlorida.BuildersRiskAdditionalInterestsTest" name="buildersRiskInterests3" time="29.915"/>
  <system-out/>
</testsuite> <!-- buildersRiskTestsFlorida.BuildersRiskAdditionalInterestsTest -->
