<?xml version="1.0" encoding="UTF-8"?>
<!-- Generated by org.testng.reporters.JUnitReportReporter -->
<testsuite hostname="COG00088" failures="0" tests="2" name="buildersRiskTestsTexas.BuildersRiskNewConstructionQuoteTestNoBind" time="185.814" errors="0" timestamp="2024-09-26T13:40:13 EDT" skipped="0">
  <testcase classname="buildersRiskTestsTexas.BuildersRiskNewConstructionQuoteTestNoBind" name="buildersRiskNewQuote" time="89.783"/>
  <testcase classname="buildersRiskTestsTexas.BuildersRiskNewConstructionQuoteTestNoBind" name="buildersRiskNewQuote" time="96.031"/>
</testsuite> <!-- buildersRiskTestsTexas.BuildersRiskNewConstructionQuoteTestNoBind -->
