<?xml version="1.0" encoding="UTF-8"?>
<!-- Generated by org.testng.reporters.JUnitReportReporter -->
<testsuite hostname="COG00088" failures="0" tests="3" name="buildersRiskTestsFlorida.BuildersRiskGeneralTest" time="214.704" errors="0" timestamp="2024-10-23T21:53:10 EDT" skipped="0">
  <testcase classname="buildersRiskTestsFlorida.BuildersRiskGeneralTest" name="buildersRiskGeneral1" time="0.259"/>
  <testcase classname="buildersRiskTestsFlorida.BuildersRiskGeneralTest" name="buildersRiskGeneral2" time="184.335"/>
  <testcase classname="buildersRiskTestsFlorida.BuildersRiskGeneralTest" name="buildersRiskGeneral3" time="30.110"/>
</testsuite> <!-- buildersRiskTestsFlorida.BuildersRiskGeneralTest -->
