<?xml version="1.0" encoding="UTF-8"?>
<!-- Generated by org.testng.reporters.JUnitReportReporter -->
<testsuite hostname="COG00088" failures="0" tests="2" name="buildersRiskTestsTexas.BuildersRiskHistoryTest" time="75.275" errors="0" timestamp="2024-10-23T22:41:41 EDT" skipped="0">
  <testcase classname="buildersRiskTestsTexas.BuildersRiskHistoryTest" name="buildersRiskHistory1" time="0.416"/>
  <testcase classname="buildersRiskTestsTexas.BuildersRiskHistoryTest" name="buildersRiskHistory2" time="74.859"/>
</testsuite> <!-- buildersRiskTestsTexas.BuildersRiskHistoryTest -->
