<?xml version="1.0" encoding="UTF-8"?>
<!-- Generated by org.testng.reporters.JUnitReportReporter -->
<testsuite hostname="COG00088" failures="0" tests="3" name="BuildersRiskTests.BuildersRiskNewQuoteTest" time="8.027" errors="0" timestamp="2023-12-01T10:32:09 EST" skipped="2">
  <testcase classname="BuildersRiskTests.BuildersRiskNewQuoteTest" name="buildersRiskStartANewQuoteTest" time="8.027"/>
  <testcase classname="BuildersRiskTests.BuildersRiskNewQuoteTest" name="buildersRiskPrequalificationTest">
    <skipped/>
  </testcase> <!-- buildersRiskPrequalificationTest -->
  <testcase classname="BuildersRiskTests.BuildersRiskNewQuoteTest" name="buildersRiskNewQuote">
    <skipped/>
  </testcase> <!-- buildersRiskNewQuote -->
</testsuite> <!-- BuildersRiskTests.BuildersRiskNewQuoteTest -->
