<?xml version="1.0" encoding="UTF-8"?>
<!-- Generated by org.testng.reporters.JUnitReportReporter -->
<testsuite hostname="COG00088" failures="0" tests="2" name="buildersRiskTestsFlorida.BuildersRiskHistoryTest" time="83.183" errors="0" timestamp="2024-10-23T21:53:10 EDT" skipped="0">
  <testcase classname="buildersRiskTestsFlorida.BuildersRiskHistoryTest" name="buildersRiskHistory1" time="0.273"/>
  <testcase classname="buildersRiskTestsFlorida.BuildersRiskHistoryTest" name="buildersRiskHistory2" time="82.910"/>
</testsuite> <!-- buildersRiskTestsFlorida.BuildersRiskHistoryTest -->
