<?xml version="1.0" encoding="UTF-8"?>
<!-- Generated by org.testng.reporters.JUnitReportReporter -->
<testsuite hostname="COG00088" failures="0" tests="4" name="buildersRiskTestsTexas.BuildersRiskStatementsTest" time="65.117" errors="0" timestamp="2024-10-23T22:41:41 EDT" skipped="0">
  <testcase classname="buildersRiskTestsTexas.BuildersRiskStatementsTest" name="buildersRiskHistory1" time="0.408"/>
  <testcase classname="buildersRiskTestsTexas.BuildersRiskStatementsTest" name="buildersRiskStatements2" time="10.843"/>
  <testcase classname="buildersRiskTestsTexas.BuildersRiskStatementsTest" name="buildersRiskStatements3" time="41.329"/>
  <testcase classname="buildersRiskTestsTexas.BuildersRiskStatementsTest" name="buildersRiskStatements4" time="12.537"/>
</testsuite> <!-- buildersRiskTestsTexas.BuildersRiskStatementsTest -->
