<?xml version="1.0" encoding="UTF-8"?>
<!-- Generated by org.testng.reporters.JUnitReportReporter -->
<testsuite hostname="COG00088" failures="0" tests="8" name="buildersRiskTestsTexas.BuildersRiskBindSubmitTest" time="23.190" errors="0" timestamp="2024-10-23T22:41:41 EDT" skipped="0">
  <testcase classname="buildersRiskTestsTexas.BuildersRiskBindSubmitTest" name="buildersRiskBindSubmit1" time="0.352"/>
  <testcase classname="buildersRiskTestsTexas.BuildersRiskBindSubmitTest" name="buildersRiskBindSubmit2" time="0.131"/>
  <testcase classname="buildersRiskTestsTexas.BuildersRiskBindSubmitTest" name="buildersRiskBindSubmit3" time="0.486"/>
  <testcase classname="buildersRiskTestsTexas.BuildersRiskBindSubmitTest" name="buildersRiskBindSubmit4" time="10.178"/>
  <testcase classname="buildersRiskTestsTexas.BuildersRiskBindSubmitTest" name="buildersRiskBindSubmit5" time="0.275"/>
  <testcase classname="buildersRiskTestsTexas.BuildersRiskBindSubmitTest" name="buildersRiskBindSubmit6" time="1.338"/>
  <testcase classname="buildersRiskTestsTexas.BuildersRiskBindSubmitTest" name="buildersRiskBindSubmit7" time="0.091"/>
  <testcase classname="buildersRiskTestsTexas.BuildersRiskBindSubmitTest" name="buildersRiskBindSubmit8" time="10.339"/>
</testsuite> <!-- buildersRiskTestsTexas.BuildersRiskBindSubmitTest -->
