<?xml version="1.0" encoding="UTF-8"?>
<!-- Generated by org.testng.reporters.JUnitXMLReporter -->
<testsuite ignored="20" hostname="COG00088" failures="0" tests="44" name="TestRUNTX" time="785.901" errors="0" timestamp="2024-10-23T22:41:40 EDT">
  <testcase classname="buildersRiskTestsTexas.BuildersRiskStartANewQuoteTest" name="buildersRiskStartANewQuoteTest" time="16.702"/>
  <testcase classname="buildersRiskTestsTexas.BuildersRiskPrequalificationTest" name="buildersRiskPrequalificationTest" time="0.124"/>
  <testcase classname="buildersRiskTestsTexas.BuildersRiskPrequalificationTest" name="buildersRiskPrequalificationTest2" time="26.746"/>
  <testcase classname="buildersRiskTestsTexas.BuildersRiskPrequalificationTest" name="buildersRiskPrequalificationTest3" time="58.795"/>
  <testcase classname="buildersRiskTestsTexas.BuildersRiskCoverageTest" name="buildersRiskCoverage" time="0.308"/>
  <testcase classname="buildersRiskTestsTexas.BuildersRiskCoverageTest" name="buildersRiskCoverage2" time="22.079"/>
  <testcase classname="buildersRiskTestsTexas.BuildersRiskCoverageTest" name="buildersRiskCoverage3" time="6.821"/>
  <testcase classname="buildersRiskTestsTexas.BuildersRiskCoverageTest" name="buildersRiskCoverage4" time="6.353"/>
  <testcase classname="buildersRiskTestsTexas.BuildersRiskCoverageTest" name="buildersRiskCoverage5" time="0.728"/>
  <testcase classname="buildersRiskTestsTexas.BuildersRiskCoverageTest" name="buildersRiskCoverage6" time="1.268"/>
  <testcase classname="buildersRiskTestsTexas.BuildersRiskCoverageTest" name="buildersRiskCoverage7" time="31.674"/>
  <testcase classname="buildersRiskTestsTexas.BuildersRiskRatingTest" name="buildersRiskRating2" time="0.313"/>
  <testcase classname="buildersRiskTestsTexas.BuildersRiskRatingTest" name="buildersRiskRating3" time="0.273"/>
  <testcase classname="buildersRiskTestsTexas.BuildersRiskRatingTest" name="buildersRiskRating4" time="0.075"/>
  <testcase classname="buildersRiskTestsTexas.BuildersRiskRatingTest" name="buildersRiskRating5" time="0.064"/>
  <testcase classname="buildersRiskTestsTexas.BuildersRiskRatingTest" name="buildersRiskRating6" time="10.353"/>
  <testcase classname="buildersRiskTestsTexas.BuildersRiskGeneralTest" name="buildersRiskGeneral1" time="0.658"/>
  <testcase classname="buildersRiskTestsTexas.BuildersRiskGeneralTest" name="buildersRiskGeneral2" time="184.217"/>
  <testcase classname="buildersRiskTestsTexas.BuildersRiskGeneralTest" name="buildersRiskGeneral3" time="35.29"/>
  <testcase classname="buildersRiskTestsTexas.BuildersRiskAdditionalInterestsTest" name="buildersRiskInterests1" time="0.311"/>
  <testcase classname="buildersRiskTestsTexas.BuildersRiskAdditionalInterestsTest" name="buildersRiskInterests2" time="25.259"/>
  <testcase classname="buildersRiskTestsTexas.BuildersRiskAdditionalInterestsTest" name="buildersRiskInterests3" time="39.756"/>
  <testcase classname="buildersRiskTestsTexas.BuildersRiskHistoryTest" name="buildersRiskHistory1" time="0.416"/>
  <testcase classname="buildersRiskTestsTexas.BuildersRiskHistoryTest" name="buildersRiskHistory2" time="74.859"/>
  <testcase classname="buildersRiskTestsTexas.BuildersRiskStatementsTest" name="buildersRiskHistory1" time="0.408"/>
  <testcase classname="buildersRiskTestsTexas.BuildersRiskStatementsTest" name="buildersRiskStatements2" time="10.843"/>
  <testcase classname="buildersRiskTestsTexas.BuildersRiskStatementsTest" name="buildersRiskStatements3" time="41.329"/>
  <testcase classname="buildersRiskTestsTexas.BuildersRiskStatementsTest" name="buildersRiskStatements4" time="12.537"/>
  <testcase classname="buildersRiskTestsTexas.BuildersRiskInternalPageTest" name="buildersRiskInternal1" time="21.808"/>
  <testcase classname="buildersRiskTestsTexas.BuildersRiskInternalPageTest" name="buildersRiskInternal2" time="9.384"/>
  <testcase classname="buildersRiskTestsTexas.BuildersRiskInternalPageTest" name="buildersRiskInternal3" time="6.021"/>
  <testcase classname="buildersRiskTestsTexas.BuildersRiskDisplayQuoteTest" name="buildersRiskDisplayQuote1" time="0.276"/>
  <testcase classname="buildersRiskTestsTexas.BuildersRiskDisplayQuoteTest" name="buildersRiskDisplayQuote2" time="0.292"/>
  <testcase classname="buildersRiskTestsTexas.BuildersRiskDisplayQuoteTest" name="buildersRiskDisplayQuote4" time="0.044"/>
  <testcase classname="buildersRiskTestsTexas.BuildersRiskDisplayQuoteTest" name="buildersRiskDisplayQuote5" time="0.058"/>
  <testcase classname="buildersRiskTestsTexas.BuildersRiskDisplayQuoteTest" name="buildersRiskDisplayQuote6" time="12.374"/>
  <testcase classname="buildersRiskTestsTexas.BuildersRiskBindSubmitTest" name="buildersRiskBindSubmit1" time="0.352"/>
  <testcase classname="buildersRiskTestsTexas.BuildersRiskBindSubmitTest" name="buildersRiskBindSubmit2" time="0.131"/>
  <testcase classname="buildersRiskTestsTexas.BuildersRiskBindSubmitTest" name="buildersRiskBindSubmit3" time="0.486"/>
  <testcase classname="buildersRiskTestsTexas.BuildersRiskBindSubmitTest" name="buildersRiskBindSubmit4" time="10.178"/>
  <testcase classname="buildersRiskTestsTexas.BuildersRiskBindSubmitTest" name="buildersRiskBindSubmit5" time="0.275"/>
  <testcase classname="buildersRiskTestsTexas.BuildersRiskBindSubmitTest" name="buildersRiskBindSubmit6" time="1.338"/>
  <testcase classname="buildersRiskTestsTexas.BuildersRiskBindSubmitTest" name="buildersRiskBindSubmit7" time="0.091"/>
  <testcase classname="buildersRiskTestsTexas.BuildersRiskBindSubmitTest" name="buildersRiskBindSubmit8" time="10.339"/>
  <testcase classname="base.BuildersRiskBaseClass" name="@BeforeTest setUp" time="0.0">
    <ignored/>
  </testcase> <!-- @BeforeTest setUp -->
  <testcase classname="buildersRiskTestsTexas.BuildersRiskGeneralTest" name="buildersRiskNewQuote" time="0.0">
    <ignored/>
  </testcase> <!-- buildersRiskNewQuote -->
  <testcase classname="base.BuildersRiskBaseClass" name="@BeforeTest setUp" time="0.0">
    <ignored/>
  </testcase> <!-- @BeforeTest setUp -->
  <testcase classname="base.BuildersRiskBaseClass" name="@BeforeTest setUp" time="0.0">
    <ignored/>
  </testcase> <!-- @BeforeTest setUp -->
  <testcase classname="base.BuildersRiskBaseClass" name="@BeforeTest setUp" time="0.0">
    <ignored/>
  </testcase> <!-- @BeforeTest setUp -->
  <testcase classname="buildersRiskTestsTexas.BuildersRiskInternalPageTest" name="buildersRiskNewQuote" time="0.0">
    <ignored/>
  </testcase> <!-- buildersRiskNewQuote -->
  <testcase classname="buildersRiskTestsTexas.BuildersRiskDisplayQuoteTest" name="buildersRiskNewQuote" time="0.0">
    <ignored/>
  </testcase> <!-- buildersRiskNewQuote -->
  <testcase classname="base.BuildersRiskBaseClass" name="@BeforeTest setUp" time="0.0">
    <ignored/>
  </testcase> <!-- @BeforeTest setUp -->
  <testcase classname="buildersRiskTestsTexas.BuildersRiskHistoryTest" name="buildersRiskNewQuote" time="0.0">
    <ignored/>
  </testcase> <!-- buildersRiskNewQuote -->
  <testcase classname="base.BuildersRiskBaseClass" name="@BeforeTest setUp" time="0.0">
    <ignored/>
  </testcase> <!-- @BeforeTest setUp -->
  <testcase classname="buildersRiskTestsTexas.BuildersRiskBindSubmitTest" name="buildersRiskNewQuote" time="0.0">
    <ignored/>
  </testcase> <!-- buildersRiskNewQuote -->
  <testcase classname="base.BuildersRiskBaseClass" name="@BeforeTest setUp" time="0.0">
    <ignored/>
  </testcase> <!-- @BeforeTest setUp -->
  <testcase classname="buildersRiskTestsTexas.BuildersRiskRatingTest" name="buildersRiskNewQuote" time="0.0">
    <ignored/>
  </testcase> <!-- buildersRiskNewQuote -->
  <testcase classname="buildersRiskTestsTexas.BuildersRiskStatementsTest" name="buildersRiskNewQuote" time="0.0">
    <ignored/>
  </testcase> <!-- buildersRiskNewQuote -->
  <testcase classname="buildersRiskTestsTexas.BuildersRiskCoverageTest" name="buildersRiskNewQuote" time="0.0">
    <ignored/>
  </testcase> <!-- buildersRiskNewQuote -->
  <testcase classname="base.BuildersRiskBaseClass" name="@BeforeTest setUp" time="0.0">
    <ignored/>
  </testcase> <!-- @BeforeTest setUp -->
  <testcase classname="buildersRiskTestsTexas.BuildersRiskPrequalificationTest" name="buildersRiskNewQuote" time="0.0">
    <ignored/>
  </testcase> <!-- buildersRiskNewQuote -->
  <testcase classname="buildersRiskTestsTexas.BuildersRiskAdditionalInterestsTest" name="buildersRiskNewQuote" time="0.0">
    <ignored/>
  </testcase> <!-- buildersRiskNewQuote -->
  <testcase classname="base.BuildersRiskBaseClass" name="@BeforeTest setUp" time="0.0">
    <ignored/>
  </testcase> <!-- @BeforeTest setUp -->
  <testcase classname="base.BuildersRiskBaseClass" name="@BeforeTest setUp" time="0.0">
    <ignored/>
  </testcase> <!-- @BeforeTest setUp -->
</testsuite> <!-- TestRUNTX -->
